Using pre-set license
Built from '2023.2/china_unity/20f1' branch; Version is '2023.2.20f1c1 (ceda3f59bbc9) revision 13556287'; Using compiler version '193431935'; Build Type 'Release'
OS: 'Windows 11  (10.0.26100) 64bit CoreCountrySpecific' Language: 'zh' Physical Memory: 32499 MB
BatchMode: 1, IsHumanControllingUs: 0, StartBugReporterOnCrash: 0, Is64bit: 1, IsPro: 1

COMMAND LINE ARGUMENTS:
E:\Unityç¼–è¾‘å™¨\2023.2.20f1c1\Editor\Unity.exe
-adb2
-batchMode
-noUpm
-name
AssetImportWorker2
-projectPath
D:/æ¡Œé¢/Survivorgit/Survivor2D
-logFile
Logs/AssetImportWorker2.log
-srvPort
57891
-job-worker-count
7
-background-job-worker-count
8
-asset-garbage-collectors
1
Successfully changed project path to: D:/æ¡Œé¢/Survivorgit/Survivor2D
D:/æ¡Œé¢/Survivorgit/Survivor2D
[UnityMemory] Configuration Parameters - Can be set up in boot.config
    "memorysetup-bucket-allocator-granularity=16"
    "memorysetup-bucket-allocator-bucket-count=8"
    "memorysetup-bucket-allocator-block-size=33554432"
    "memorysetup-bucket-allocator-block-count=8"
    "memorysetup-main-allocator-block-size=16777216"
    "memorysetup-thread-allocator-block-size=16777216"
    "memorysetup-gfx-main-allocator-block-size=16777216"
    "memorysetup-gfx-thread-allocator-block-size=16777216"
    "memorysetup-cache-allocator-block-size=4194304"
    "memorysetup-typetree-allocator-block-size=2097152"
    "memorysetup-profiler-bucket-allocator-granularity=16"
    "memorysetup-profiler-bucket-allocator-bucket-count=8"
    "memorysetup-profiler-bucket-allocator-block-size=33554432"
    "memorysetup-profiler-bucket-allocator-block-count=8"
    "memorysetup-profiler-allocator-block-size=16777216"
    "memorysetup-profiler-editor-allocator-block-size=1048576"
    "memorysetup-temp-allocator-size-main=16777216"
    "memorysetup-job-temp-allocator-block-size=2097152"
    "memorysetup-job-temp-allocator-block-size-background=1048576"
    "memorysetup-job-temp-allocator-reduction-small-platforms=262144"
    "memorysetup-allocator-temp-initial-block-size-main=262144"
    "memorysetup-allocator-temp-initial-block-size-worker=262144"
    "memorysetup-temp-allocator-size-background-worker=32768"
    "memorysetup-temp-allocator-size-job-worker=262144"
    "memorysetup-temp-allocator-size-preload-manager=33554432"
    "memorysetup-temp-allocator-size-nav-mesh-worker=65536"
    "memorysetup-temp-allocator-size-audio-worker=65536"
    "memorysetup-temp-allocator-size-cloud-worker=32768"
    "memorysetup-temp-allocator-size-gi-baking-worker=262144"
    "memorysetup-temp-allocator-size-gi-baking-worker=262144"
    "memorysetup-temp-allocator-size-gi-baking-worker=262144"
    "memorysetup-temp-allocator-size-gi-baking-worker=262144"
    "memorysetup-temp-allocator-size-gfx=262144"
Player connection [31988] Host "[IP] 10.161.16.78 [Port] 0 [Flags] 2 [Guid] 142822709 [EditorId] 142822709 [Version] 1048832 [Id] WindowsEditor(7,afµÄÌú¸í´ñ) [Debug] 1 [PackageName] WindowsEditor [ProjectName] Editor" joined multi-casting on [225.0.0.222:54997]...
Player connection [31988] Host "[IP] 10.161.16.78 [Port] 0 [Flags] 2 [Guid] 142822709 [EditorId] 142822709 [Version] 1048832 [Id] WindowsEditor(7,afµÄÌú¸í´ñ) [Debug] 1 [PackageName] WindowsEditor [ProjectName] Editor" joined alternative multi-casting on [225.0.0.222:34997]...
JobSystem: Creating JobQueue using job-worker-count value 7
[Physics::Module] Initialized MultithreadedJobDispatcher with 7 workers.
Library Redirect Path: Library/
Refreshing native plugins compatible for Editor in 3.77 ms, found 4 plugins.
Preloading 0 native plugins for Editor in 0.00 ms.
Initialize engine version: 2023.2.20f1c1 (ceda3f59bbc9)
[Subsystems] Discovering subsystems at path E:/Unityç¼–è¾‘å™¨/2023.2.20f1c1/Editor/Data/Resources/UnitySubsystems
[Subsystems] Discovering subsystems at path D:/æ¡Œé¢/Survivorgit/Survivor2D/Assets
GfxDevice: creating device client; kGfxThreadingModeNonThreaded
Direct3D:
    Version:  Direct3D 11.0 [level 11.1]
    Renderer: NVIDIA GeForce RTX 4060 Laptop GPU (ID=0x28a0)
    Vendor:   NVIDIA
    VRAM:     7957 MB
    Driver:   32.0.15.8088
Initialize mono
Mono path[0] = 'E:/Unityç¼–è¾‘å™¨/2023.2.20f1c1/Editor/Data/Managed'
Mono path[1] = 'E:/Unityç¼–è¾‘å™¨/2023.2.20f1c1/Editor/Data/MonoBleedingEdge/lib/mono/unityjit-win32'
Mono config path = 'E:/Unityç¼–è¾‘å™¨/2023.2.20f1c1/Editor/Data/MonoBleedingEdge/etc'
Using monoOptions --debugger-agent=transport=dt_socket,embedding=1,server=y,suspend=n,address=127.0.0.1:56976
Begin MonoManager ReloadAssembly
Registering precompiled unity dll's ...
Register platform support module: E:/Unityç¼–è¾‘å™¨/2023.2.20f1c1/Editor/Data/PlaybackEngines/WindowsStandaloneSupport/UnityEditor.WindowsStandalone.Extensions.dll
Register platform support module: E:/Unityç¼–è¾‘å™¨/2023.2.20f1c1/Editor/Data/PlaybackEngines/AndroidPlayer/UnityEditor.Android.Extensions.dll
Registered in 0.005100 seconds.
- Loaded All Assemblies, in  0.373 seconds
Native extension for Android target not found
Android Extension - Scanning For ADB Devices 1276 ms
Native extension for WindowsStandalone target not found
Mono: successfully reloaded assembly
- Finished resetting the current domain, in  1.615 seconds
Domain Reload Profiling: 1986ms
	BeginReloadAssembly (104ms)
		ExecutionOrderSort (0ms)
		DisableScriptedObjects (0ms)
		BackupInstance (0ms)
		ReleaseScriptingObjects (0ms)
		CreateAndSetChildDomain (1ms)
	RebuildCommonClasses (29ms)
	RebuildNativeTypeToScriptingClass (11ms)
	initialDomainReloadingComplete (50ms)
	LoadAllAssembliesAndSetupDomain (177ms)
		LoadAssemblies (103ms)
		RebuildTransferFunctionScriptingTraits (0ms)
		AnalyzeDomain (174ms)
			TypeCache.Refresh (172ms)
				TypeCache.ScanAssembly (158ms)
			BuildScriptInfoCaches (0ms)
			ResolveRequiredComponents (1ms)
	FinalizeReload (1616ms)
		ReleaseScriptCaches (0ms)
		RebuildScriptCaches (0ms)
		SetupLoadedEditorAssemblies (1547ms)
			LogAssemblyErrors (0ms)
			InitializePlatformSupportModulesInManaged (1396ms)
			SetLoadedEditorAssemblies (3ms)
			BeforeProcessingInitializeOnLoad (4ms)
			ProcessInitializeOnLoadAttributes (108ms)
			ProcessInitializeOnLoadMethodAttributes (36ms)
			AfterProcessingInitializeOnLoad (0ms)
			EditorAssembliesLoaded (0ms)
		ExecutionOrderSort2 (0ms)
		AwakeInstancesAfterBackupRestoration (0ms)
========================================================================
Worker process is ready to serve import requests
Import Worker Mode flag is 0x00
Begin MonoManager ReloadAssembly
Symbol file LoadedFromMemory doesn't match image D:\æ¡Œé¢\Survivorgit\Survivor2D\Library\PackageCache\com.unity.visualscripting@1.8.0\Editor\VisualScripting.Core\Dependencies\YamlDotNet\Unity.VisualScripting.YamlDotNet.dll
Symbol file LoadedFromMemory doesn't match image D:\æ¡Œé¢\Survivorgit\Survivor2D\Library\PackageCache\com.unity.visualscripting@1.8.0\Editor\VisualScripting.Core\Dependencies\DotNetZip\Unity.VisualScripting.IonicZip.dll
- Loaded All Assemblies, in  0.830 seconds
'Assets/QFramework/Toolkits/_CoreKit/GraphKit/IMGUI/Scripts/IMGUISceneGraph.cs' contains partial class of Unity.Object, exactly 1 of the partial classes needs to be in a file with the same filename. This is to know the one that can be referenced from ie. GameObjects
'Assets/QFramework/Toolkits/_CoreKit/GraphKit/IMGUI/Scripts/IMGUISceneGraph.cs' contains partial class of Unity.Object, exactly 1 of the partial classes needs to be in a file with the same filename. This is to know the one that can be referenced from ie. GameObjects
'Assets/QFramework/Toolkits/_CoreKit/GraphKit/IMGUI/Scripts/Editor/IMGUIGraphWindow.cs' contains partial class of Unity.Object, exactly 1 of the partial classes needs to be in a file with the same filename. This is to know the one that can be referenced from ie. GameObjects
'Assets/QFramework/Toolkits/_CoreKit/GraphKit/IMGUI/Scripts/Editor/IMGUIGraphEditorGUI.cs' contains partial class of Unity.Object, exactly 1 of the partial classes needs to be in a file with the same filename. This is to know the one that can be referenced from ie. GameObjects
'Assets/QFramework/Toolkits/_CoreKit/GraphKit/IMGUI/Scripts/Editor/IMGUIGraphEditorAction.cs' contains partial class of Unity.Object, exactly 1 of the partial classes needs to be in a file with the same filename. This is to know the one that can be referenced from ie. GameObjects
Refreshing native plugins compatible for Editor in 1.52 ms, found 4 plugins.
Native extension for Android target not found
Native extension for WindowsStandalone target not found
Refreshing native plugins compatible for Editor in 1.88 ms, found 4 plugins.
Mono: successfully reloaded assembly
- Finished resetting the current domain, in  0.826 seconds
Domain Reload Profiling: 1652ms
	BeginReloadAssembly (303ms)
		ExecutionOrderSort (0ms)
		DisableScriptedObjects (4ms)
		BackupInstance (0ms)
		ReleaseScriptingObjects (0ms)
		CreateAndSetChildDomain (26ms)
	RebuildCommonClasses (32ms)
	RebuildNativeTypeToScriptingClass (9ms)
	initialDomainReloadingComplete (29ms)
	LoadAllAssembliesAndSetupDomain (451ms)
		LoadAssemblies (336ms)
		RebuildTransferFunctionScriptingTraits (0ms)
		AnalyzeDomain (196ms)
			TypeCache.Refresh (154ms)
				TypeCache.ScanAssembly (141ms)
			BuildScriptInfoCaches (30ms)
			ResolveRequiredComponents (8ms)
	FinalizeReload (827ms)
		ReleaseScriptCaches (0ms)
		RebuildScriptCaches (0ms)
		SetupLoadedEditorAssemblies (627ms)
			LogAssemblyErrors (0ms)
			InitializePlatformSupportModulesInManaged (16ms)
			SetLoadedEditorAssemblies (3ms)
			BeforeProcessingInitializeOnLoad (62ms)
			ProcessInitializeOnLoadAttributes (463ms)
			ProcessInitializeOnLoadMethodAttributes (81ms)
			AfterProcessingInitializeOnLoad (2ms)
			EditorAssembliesLoaded (0ms)
		ExecutionOrderSort2 (0ms)
		AwakeInstancesAfterBackupRestoration (9ms)
Launched and connected shader compiler UnityShaderCompiler.exe after 0.01 seconds
Refreshing native plugins compatible for Editor in 1.54 ms, found 4 plugins.
Preloading 0 native plugins for Editor in 0.00 ms.
Unloading 170 Unused Serialized files (Serialized files now loaded: 0)
Unloading 6865 unused Assets / (7.1 MB). Loaded Objects now: 7525.
Memory consumption went from 179.0 MB to 171.9 MB.
Total: 8.892900 ms (FindLiveObjects: 0.516300 ms CreateObjectMapping: 0.471900 ms MarkObjects: 4.418100 ms  DeleteObjects: 3.485700 ms)

========================================================================
Received Import Request.
  Time since last request: 434202.135622 seconds.
  path: Packages/com.unity.2d.sprite/Editor/ObjectMenuCreation
  artifactKey: Guid(ffc051df01eb64128a79b31b97748c4c) Importer(815301076,1909f56bfc062723c751e8b465ee728b)
Start importing Packages/com.unity.2d.sprite/Editor/ObjectMenuCreation using Guid(ffc051df01eb64128a79b31b97748c4c) Importer(815301076,1909f56bfc062723c751e8b465ee728b) (PreviewImporter) -> (artifact id: '9e25ef6d1887e850dd870586defcec45') in 0.0070204 seconds
Number of updated asset objects reloaded before import = 0Number of asset objects unloaded after import = 0

========================================================================
Received Import Request.
  Time since last request: 58.992032 seconds.
  path: Assets/Scripts/Config
  artifactKey: Guid(c7840e8e3f5a8ee438d472cc9ad6b674) Importer(815301076,1909f56bfc062723c751e8b465ee728b)
Start importing Assets/Scripts/Config using Guid(c7840e8e3f5a8ee438d472cc9ad6b674) Importer(815301076,1909f56bfc062723c751e8b465ee728b) (PreviewImporter) -> (artifact id: 'dd542485abecf9eb19ca9cf1b05eff3b') in 0.0008422 seconds
Number of updated asset objects reloaded before import = 0Number of asset objects unloaded after import = 0

========================================================================
Received Prepare
'Assets/QFramework/Toolkits/_CoreKit/GraphKit/IMGUI/Scripts/IMGUISceneGraph.cs' contains partial class of Unity.Object, exactly 1 of the partial classes needs to be in a file with the same filename. This is to know the one that can be referenced from ie. GameObjects
'Assets/QFramework/Toolkits/_CoreKit/GraphKit/IMGUI/Scripts/IMGUISceneGraph.cs' contains partial class of Unity.Object, exactly 1 of the partial classes needs to be in a file with the same filename. This is to know the one that can be referenced from ie. GameObjects
'Assets/QFramework/Toolkits/_CoreKit/GraphKit/IMGUI/Scripts/Editor/IMGUIGraphWindow.cs' contains partial class of Unity.Object, exactly 1 of the partial classes needs to be in a file with the same filename. This is to know the one that can be referenced from ie. GameObjects
'Assets/QFramework/Toolkits/_CoreKit/GraphKit/IMGUI/Scripts/Editor/IMGUIGraphEditorGUI.cs' contains partial class of Unity.Object, exactly 1 of the partial classes needs to be in a file with the same filename. This is to know the one that can be referenced from ie. GameObjects
'Assets/QFramework/Toolkits/_CoreKit/GraphKit/IMGUI/Scripts/Editor/IMGUIGraphEditorAction.cs' contains partial class of Unity.Object, exactly 1 of the partial classes needs to be in a file with the same filename. This is to know the one that can be referenced from ie. GameObjects
Refreshing native plugins compatible for Editor in 1.77 ms, found 4 plugins.
Preloading 0 native plugins for Editor in 0.00 ms.
Unloading 37 Unused Serialized files (Serialized files now loaded: 0)
Unloading 6855 unused Assets / (5.9 MB). Loaded Objects now: 7528.
Memory consumption went from 154.5 MB to 148.6 MB.
Total: 9.321400 ms (FindLiveObjects: 0.537400 ms CreateObjectMapping: 0.487600 ms MarkObjects: 5.746100 ms  DeleteObjects: 2.549500 ms)

Prepare: number of updated asset objects reloaded= 0
========================================================================
Received Import Request.
  Time since last request: 16.018823 seconds.
  path: Assets/Scripts/Config/LevelConfig.cs
  artifactKey: Guid(aa1f23651b6fb1d4fb7b9f1c72d501c3) Importer(815301076,1909f56bfc062723c751e8b465ee728b)
Start importing Assets/Scripts/Config/LevelConfig.cs using Guid(aa1f23651b6fb1d4fb7b9f1c72d501c3) Importer(815301076,1909f56bfc062723c751e8b465ee728b) (PreviewImporter) -> (artifact id: '7a65dc8c14a95c104ba7311279900a35') in 0.0049687 seconds
Number of updated asset objects reloaded before import = 0Number of asset objects unloaded after import = 0

========================================================================
Received Prepare
Begin MonoManager ReloadAssembly
Symbol file LoadedFromMemory doesn't match image D:\æ¡Œé¢\Survivorgit\Survivor2D\Library\PackageCache\com.unity.visualscripting@1.8.0\Editor\VisualScripting.Core\Dependencies\YamlDotNet\Unity.VisualScripting.YamlDotNet.dll
Symbol file LoadedFromMemory doesn't match image D:\æ¡Œé¢\Survivorgit\Survivor2D\Library\PackageCache\com.unity.visualscripting@1.8.0\Editor\VisualScripting.Core\Dependencies\DotNetZip\Unity.VisualScripting.IonicZip.dll
- Loaded All Assemblies, in  0.690 seconds
'Assets/QFramework/Toolkits/_CoreKit/GraphKit/IMGUI/Scripts/IMGUISceneGraph.cs' contains partial class of Unity.Object, exactly 1 of the partial classes needs to be in a file with the same filename. This is to know the one that can be referenced from ie. GameObjects
'Assets/QFramework/Toolkits/_CoreKit/GraphKit/IMGUI/Scripts/IMGUISceneGraph.cs' contains partial class of Unity.Object, exactly 1 of the partial classes needs to be in a file with the same filename. This is to know the one that can be referenced from ie. GameObjects
'Assets/QFramework/Toolkits/_CoreKit/GraphKit/IMGUI/Scripts/Editor/IMGUIGraphWindow.cs' contains partial class of Unity.Object, exactly 1 of the partial classes needs to be in a file with the same filename. This is to know the one that can be referenced from ie. GameObjects
'Assets/QFramework/Toolkits/_CoreKit/GraphKit/IMGUI/Scripts/Editor/IMGUIGraphEditorGUI.cs' contains partial class of Unity.Object, exactly 1 of the partial classes needs to be in a file with the same filename. This is to know the one that can be referenced from ie. GameObjects
'Assets/QFramework/Toolkits/_CoreKit/GraphKit/IMGUI/Scripts/Editor/IMGUIGraphEditorAction.cs' contains partial class of Unity.Object, exactly 1 of the partial classes needs to be in a file with the same filename. This is to know the one that can be referenced from ie. GameObjects
Refreshing native plugins compatible for Editor in 1.92 ms, found 4 plugins.
Native extension for Android target not found
Native extension for WindowsStandalone target not found
Mono: successfully reloaded assembly
- Finished resetting the current domain, in  0.730 seconds
Domain Reload Profiling: 1418ms
	BeginReloadAssembly (173ms)
		ExecutionOrderSort (0ms)
		DisableScriptedObjects (9ms)
		BackupInstance (0ms)
		ReleaseScriptingObjects (0ms)
		CreateAndSetChildDomain (47ms)
	RebuildCommonClasses (35ms)
	RebuildNativeTypeToScriptingClass (12ms)
	initialDomainReloadingComplete (25ms)
	LoadAllAssembliesAndSetupDomain (442ms)
		LoadAssemblies (361ms)
		RebuildTransferFunctionScriptingTraits (0ms)
		AnalyzeDomain (158ms)
			TypeCache.Refresh (10ms)
				TypeCache.ScanAssembly (1ms)
			BuildScriptInfoCaches (133ms)
			ResolveRequiredComponents (12ms)
	FinalizeReload (731ms)
		ReleaseScriptCaches (0ms)
		RebuildScriptCaches (0ms)
		SetupLoadedEditorAssemblies (543ms)
			LogAssemblyErrors (0ms)
			InitializePlatformSupportModulesInManaged (17ms)
			SetLoadedEditorAssemblies (3ms)
			BeforeProcessingInitializeOnLoad (70ms)
			ProcessInitializeOnLoadAttributes (385ms)
			ProcessInitializeOnLoadMethodAttributes (66ms)
			AfterProcessingInitializeOnLoad (3ms)
			EditorAssembliesLoaded (0ms)
		ExecutionOrderSort2 (0ms)
		AwakeInstancesAfterBackupRestoration (11ms)
Refreshing native plugins compatible for Editor in 1.68 ms, found 4 plugins.
Preloading 0 native plugins for Editor in 0.00 ms.
Unloading 38 Unused Serialized files (Serialized files now loaded: 0)
Unloading 6864 unused Assets / (7.0 MB). Loaded Objects now: 7530.
Memory consumption went from 160.9 MB to 153.9 MB.
Total: 8.618700 ms (FindLiveObjects: 0.522300 ms CreateObjectMapping: 0.512400 ms MarkObjects: 4.354900 ms  DeleteObjects: 3.228000 ms)

Prepare: number of updated asset objects reloaded= 0
========================================================================
Received Prepare
Begin MonoManager ReloadAssembly
Symbol file LoadedFromMemory doesn't match image D:\æ¡Œé¢\Survivorgit\Survivor2D\Library\PackageCache\com.unity.visualscripting@1.8.0\Editor\VisualScripting.Core\Dependencies\YamlDotNet\Unity.VisualScripting.YamlDotNet.dll
Symbol file LoadedFromMemory doesn't match image D:\æ¡Œé¢\Survivorgit\Survivor2D\Library\PackageCache\com.unity.visualscripting@1.8.0\Editor\VisualScripting.Core\Dependencies\DotNetZip\Unity.VisualScripting.IonicZip.dll
- Loaded All Assemblies, in  0.701 seconds
'Assets/QFramework/Toolkits/_CoreKit/GraphKit/IMGUI/Scripts/IMGUISceneGraph.cs' contains partial class of Unity.Object, exactly 1 of the partial classes needs to be in a file with the same filename. This is to know the one that can be referenced from ie. GameObjects
'Assets/QFramework/Toolkits/_CoreKit/GraphKit/IMGUI/Scripts/IMGUISceneGraph.cs' contains partial class of Unity.Object, exactly 1 of the partial classes needs to be in a file with the same filename. This is to know the one that can be referenced from ie. GameObjects
'Assets/QFramework/Toolkits/_CoreKit/GraphKit/IMGUI/Scripts/Editor/IMGUIGraphWindow.cs' contains partial class of Unity.Object, exactly 1 of the partial classes needs to be in a file with the same filename. This is to know the one that can be referenced from ie. GameObjects
'Assets/QFramework/Toolkits/_CoreKit/GraphKit/IMGUI/Scripts/Editor/IMGUIGraphEditorGUI.cs' contains partial class of Unity.Object, exactly 1 of the partial classes needs to be in a file with the same filename. This is to know the one that can be referenced from ie. GameObjects
'Assets/QFramework/Toolkits/_CoreKit/GraphKit/IMGUI/Scripts/Editor/IMGUIGraphEditorAction.cs' contains partial class of Unity.Object, exactly 1 of the partial classes needs to be in a file with the same filename. This is to know the one that can be referenced from ie. GameObjects
Refreshing native plugins compatible for Editor in 2.26 ms, found 4 plugins.
Native extension for Android target not found
Native extension for WindowsStandalone target not found
Mono: successfully reloaded assembly
- Finished resetting the current domain, in  0.769 seconds
Domain Reload Profiling: 1467ms
	BeginReloadAssembly (188ms)
		ExecutionOrderSort (0ms)
		DisableScriptedObjects (10ms)
		BackupInstance (0ms)
		ReleaseScriptingObjects (0ms)
		CreateAndSetChildDomain (47ms)
	RebuildCommonClasses (31ms)
	RebuildNativeTypeToScriptingClass (14ms)
	initialDomainReloadingComplete (27ms)
	LoadAllAssembliesAndSetupDomain (438ms)
		LoadAssemblies (358ms)
		RebuildTransferFunctionScriptingTraits (0ms)
		AnalyzeDomain (166ms)
			TypeCache.Refresh (8ms)
				TypeCache.ScanAssembly (1ms)
			BuildScriptInfoCaches (142ms)
			ResolveRequiredComponents (11ms)
	FinalizeReload (769ms)
		ReleaseScriptCaches (0ms)
		RebuildScriptCaches (0ms)
		SetupLoadedEditorAssemblies (586ms)
			LogAssemblyErrors (0ms)
			InitializePlatformSupportModulesInManaged (18ms)
			SetLoadedEditorAssemblies (3ms)
			BeforeProcessingInitializeOnLoad (78ms)
			ProcessInitializeOnLoadAttributes (415ms)
			ProcessInitializeOnLoadMethodAttributes (68ms)
			AfterProcessingInitializeOnLoad (4ms)
			EditorAssembliesLoaded (0ms)
		ExecutionOrderSort2 (0ms)
		AwakeInstancesAfterBackupRestoration (12ms)
Refreshing native plugins compatible for Editor in 2.19 ms, found 4 plugins.
Preloading 0 native plugins for Editor in 0.00 ms.
Unloading 37 Unused Serialized files (Serialized files now loaded: 0)
Unloading 6864 unused Assets / (6.3 MB). Loaded Objects now: 7530.
Memory consumption went from 162.7 MB to 156.3 MB.
Total: 8.433000 ms (FindLiveObjects: 0.525700 ms CreateObjectMapping: 0.511100 ms MarkObjects: 4.651600 ms  DeleteObjects: 2.743400 ms)

Prepare: number of updated asset objects reloaded= 0
========================================================================
Received Import Request.
  Time since last request: 82.511759 seconds.
  path: Assets/Scripts/Config/LevelConfig.cs
  artifactKey: Guid(aa1f23651b6fb1d4fb7b9f1c72d501c3) Importer(815301076,1909f56bfc062723c751e8b465ee728b)
Start importing Assets/Scripts/Config/LevelConfig.cs using Guid(aa1f23651b6fb1d4fb7b9f1c72d501c3) Importer(815301076,1909f56bfc062723c751e8b465ee728b) (PreviewImporter) -> (artifact id: 'd3c6c50160e71f6693ccdbf8588d8c9e') in 0.0100498 seconds
Number of updated asset objects reloaded before import = 0Number of asset objects unloaded after import = 0

========================================================================
Received Import Request.
  Time since last request: 27.739126 seconds.
  path: Assets/Art/Level Config.asset
  artifactKey: Guid(95871ec98b6f9af47884f3477178ca0a) Importer(815301076,1909f56bfc062723c751e8b465ee728b)
Start importing Assets/Art/Level Config.asset using Guid(95871ec98b6f9af47884f3477178ca0a) Importer(815301076,1909f56bfc062723c751e8b465ee728b) (PreviewImporter) -> (artifact id: '6f9aae00594c1611d81f1a88656eaafa') in 0.0142244 seconds
Number of updated asset objects reloaded before import = 0Number of asset objects unloaded after import = 1

========================================================================
Received Import Request.
  Time since last request: 35.524648 seconds.
  path: Assets/Art/Config
  artifactKey: Guid(d0bae2392be99a449a75ef199d8cb0d2) Importer(815301076,1909f56bfc062723c751e8b465ee728b)
Start importing Assets/Art/Config using Guid(d0bae2392be99a449a75ef199d8cb0d2) Importer(815301076,1909f56bfc062723c751e8b465ee728b) (PreviewImporter) -> (artifact id: '0f02f582d5588181f770d8f52dbbcde5') in 0.0013515 seconds
Number of updated asset objects reloaded before import = 0Number of asset objects unloaded after import = 0

========================================================================
Received Import Request.
  Time since last request: 69.376317 seconds.
  path: Assets/Scripts/Game/EnemyGenerator.Designer.cs
  artifactKey: Guid(8b961424d3e07c54ca7e14c87b58d393) Importer(815301076,1909f56bfc062723c751e8b465ee728b)
Start importing Assets/Scripts/Game/EnemyGenerator.Designer.cs using Guid(8b961424d3e07c54ca7e14c87b58d393) Importer(815301076,1909f56bfc062723c751e8b465ee728b) (PreviewImporter) -> (artifact id: 'fd6dcc7a48346e638e4d383b25f0753b') in 0.000709 seconds
Number of updated asset objects reloaded before import = 0Number of asset objects unloaded after import = 0

========================================================================
Received Prepare
'Assets/QFramework/Toolkits/_CoreKit/GraphKit/IMGUI/Scripts/IMGUISceneGraph.cs' contains partial class of Unity.Object, exactly 1 of the partial classes needs to be in a file with the same filename. This is to know the one that can be referenced from ie. GameObjects
'Assets/QFramework/Toolkits/_CoreKit/GraphKit/IMGUI/Scripts/IMGUISceneGraph.cs' contains partial class of Unity.Object, exactly 1 of the partial classes needs to be in a file with the same filename. This is to know the one that can be referenced from ie. GameObjects
'Assets/QFramework/Toolkits/_CoreKit/GraphKit/IMGUI/Scripts/Editor/IMGUIGraphWindow.cs' contains partial class of Unity.Object, exactly 1 of the partial classes needs to be in a file with the same filename. This is to know the one that can be referenced from ie. GameObjects
'Assets/QFramework/Toolkits/_CoreKit/GraphKit/IMGUI/Scripts/Editor/IMGUIGraphEditorGUI.cs' contains partial class of Unity.Object, exactly 1 of the partial classes needs to be in a file with the same filename. This is to know the one that can be referenced from ie. GameObjects
'Assets/QFramework/Toolkits/_CoreKit/GraphKit/IMGUI/Scripts/Editor/IMGUIGraphEditorAction.cs' contains partial class of Unity.Object, exactly 1 of the partial classes needs to be in a file with the same filename. This is to know the one that can be referenced from ie. GameObjects
Refreshing native plugins compatible for Editor in 3.99 ms, found 4 plugins.
Preloading 0 native plugins for Editor in 0.00 ms.
Unloading 37 Unused Serialized files (Serialized files now loaded: 0)
Unloading 6855 unused Assets / (6.2 MB). Loaded Objects now: 7531.
Memory consumption went from 161.7 MB to 155.5 MB.
Total: 13.513300 ms (FindLiveObjects: 0.785300 ms CreateObjectMapping: 0.994700 ms MarkObjects: 7.738800 ms  DeleteObjects: 3.993100 ms)

Prepare: number of updated asset objects reloaded= 0
========================================================================
Received Prepare
'Assets/QFramework/Toolkits/_CoreKit/GraphKit/IMGUI/Scripts/IMGUISceneGraph.cs' contains partial class of Unity.Object, exactly 1 of the partial classes needs to be in a file with the same filename. This is to know the one that can be referenced from ie. GameObjects
'Assets/QFramework/Toolkits/_CoreKit/GraphKit/IMGUI/Scripts/IMGUISceneGraph.cs' contains partial class of Unity.Object, exactly 1 of the partial classes needs to be in a file with the same filename. This is to know the one that can be referenced from ie. GameObjects
'Assets/QFramework/Toolkits/_CoreKit/GraphKit/IMGUI/Scripts/Editor/IMGUIGraphWindow.cs' contains partial class of Unity.Object, exactly 1 of the partial classes needs to be in a file with the same filename. This is to know the one that can be referenced from ie. GameObjects
'Assets/QFramework/Toolkits/_CoreKit/GraphKit/IMGUI/Scripts/Editor/IMGUIGraphEditorGUI.cs' contains partial class of Unity.Object, exactly 1 of the partial classes needs to be in a file with the same filename. This is to know the one that can be referenced from ie. GameObjects
'Assets/QFramework/Toolkits/_CoreKit/GraphKit/IMGUI/Scripts/Editor/IMGUIGraphEditorAction.cs' contains partial class of Unity.Object, exactly 1 of the partial classes needs to be in a file with the same filename. This is to know the one that can be referenced from ie. GameObjects
Refreshing native plugins compatible for Editor in 1.99 ms, found 4 plugins.
Preloading 0 native plugins for Editor in 0.00 ms.
Unloading 37 Unused Serialized files (Serialized files now loaded: 0)
Unloading 6855 unused Assets / (6.4 MB). Loaded Objects now: 7531.
Memory consumption went from 161.7 MB to 155.2 MB.
Total: 8.279300 ms (FindLiveObjects: 0.747500 ms CreateObjectMapping: 0.351200 ms MarkObjects: 4.544600 ms  DeleteObjects: 2.634800 ms)

Prepare: number of updated asset objects reloaded= 0
========================================================================
Received Prepare
Begin MonoManager ReloadAssembly
Symbol file LoadedFromMemory doesn't match image D:\æ¡Œé¢\Survivorgit\Survivor2D\Library\PackageCache\com.unity.visualscripting@1.8.0\Editor\VisualScripting.Core\Dependencies\YamlDotNet\Unity.VisualScripting.YamlDotNet.dll
Symbol file LoadedFromMemory doesn't match image D:\æ¡Œé¢\Survivorgit\Survivor2D\Library\PackageCache\com.unity.visualscripting@1.8.0\Editor\VisualScripting.Core\Dependencies\DotNetZip\Unity.VisualScripting.IonicZip.dll
- Loaded All Assemblies, in  0.690 seconds
'Assets/QFramework/Toolkits/_CoreKit/GraphKit/IMGUI/Scripts/IMGUISceneGraph.cs' contains partial class of Unity.Object, exactly 1 of the partial classes needs to be in a file with the same filename. This is to know the one that can be referenced from ie. GameObjects
'Assets/QFramework/Toolkits/_CoreKit/GraphKit/IMGUI/Scripts/IMGUISceneGraph.cs' contains partial class of Unity.Object, exactly 1 of the partial classes needs to be in a file with the same filename. This is to know the one that can be referenced from ie. GameObjects
'Assets/QFramework/Toolkits/_CoreKit/GraphKit/IMGUI/Scripts/Editor/IMGUIGraphWindow.cs' contains partial class of Unity.Object, exactly 1 of the partial classes needs to be in a file with the same filename. This is to know the one that can be referenced from ie. GameObjects
'Assets/QFramework/Toolkits/_CoreKit/GraphKit/IMGUI/Scripts/Editor/IMGUIGraphEditorGUI.cs' contains partial class of Unity.Object, exactly 1 of the partial classes needs to be in a file with the same filename. This is to know the one that can be referenced from ie. GameObjects
'Assets/QFramework/Toolkits/_CoreKit/GraphKit/IMGUI/Scripts/Editor/IMGUIGraphEditorAction.cs' contains partial class of Unity.Object, exactly 1 of the partial classes needs to be in a file with the same filename. This is to know the one that can be referenced from ie. GameObjects
Refreshing native plugins compatible for Editor in 1.85 ms, found 4 plugins.
Native extension for Android target not found
Native extension for WindowsStandalone target not found
Mono: successfully reloaded assembly
- Finished resetting the current domain, in  0.772 seconds
Domain Reload Profiling: 1459ms
	BeginReloadAssembly (185ms)
		ExecutionOrderSort (0ms)
		DisableScriptedObjects (9ms)
		BackupInstance (0ms)
		ReleaseScriptingObjects (0ms)
		CreateAndSetChildDomain (47ms)
	RebuildCommonClasses (32ms)
	RebuildNativeTypeToScriptingClass (11ms)
	initialDomainReloadingComplete (28ms)
	LoadAllAssembliesAndSetupDomain (430ms)
		LoadAssemblies (362ms)
		RebuildTransferFunctionScriptingTraits (0ms)
		AnalyzeDomain (155ms)
			TypeCache.Refresh (8ms)
				TypeCache.ScanAssembly (1ms)
			BuildScriptInfoCaches (133ms)
			ResolveRequiredComponents (10ms)
	FinalizeReload (773ms)
		ReleaseScriptCaches (0ms)
		RebuildScriptCaches (0ms)
		SetupLoadedEditorAssemblies (593ms)
			LogAssemblyErrors (0ms)
			InitializePlatformSupportModulesInManaged (14ms)
			SetLoadedEditorAssemblies (3ms)
			BeforeProcessingInitializeOnLoad (70ms)
			ProcessInitializeOnLoadAttributes (417ms)
			ProcessInitializeOnLoadMethodAttributes (85ms)
			AfterProcessingInitializeOnLoad (3ms)
			EditorAssembliesLoaded (0ms)
		ExecutionOrderSort2 (0ms)
		AwakeInstancesAfterBackupRestoration (12ms)
Refreshing native plugins compatible for Editor in 1.71 ms, found 4 plugins.
Preloading 0 native plugins for Editor in 0.00 ms.
Unloading 37 Unused Serialized files (Serialized files now loaded: 0)
Unloading 6864 unused Assets / (6.3 MB). Loaded Objects now: 7531.
Memory consumption went from 164.5 MB to 158.2 MB.
Total: 7.655800 ms (FindLiveObjects: 0.514900 ms CreateObjectMapping: 0.486900 ms MarkObjects: 4.080300 ms  DeleteObjects: 2.572800 ms)

Prepare: number of updated asset objects reloaded= 0
========================================================================
Received Prepare
Begin MonoManager ReloadAssembly
Symbol file LoadedFromMemory doesn't match image D:\æ¡Œé¢\Survivorgit\Survivor2D\Library\PackageCache\com.unity.visualscripting@1.8.0\Editor\VisualScripting.Core\Dependencies\YamlDotNet\Unity.VisualScripting.YamlDotNet.dll
Symbol file LoadedFromMemory doesn't match image D:\æ¡Œé¢\Survivorgit\Survivor2D\Library\PackageCache\com.unity.visualscripting@1.8.0\Editor\VisualScripting.Core\Dependencies\DotNetZip\Unity.VisualScripting.IonicZip.dll
- Loaded All Assemblies, in  0.701 seconds
'Assets/QFramework/Toolkits/_CoreKit/GraphKit/IMGUI/Scripts/IMGUISceneGraph.cs' contains partial class of Unity.Object, exactly 1 of the partial classes needs to be in a file with the same filename. This is to know the one that can be referenced from ie. GameObjects
'Assets/QFramework/Toolkits/_CoreKit/GraphKit/IMGUI/Scripts/IMGUISceneGraph.cs' contains partial class of Unity.Object, exactly 1 of the partial classes needs to be in a file with the same filename. This is to know the one that can be referenced from ie. GameObjects
'Assets/QFramework/Toolkits/_CoreKit/GraphKit/IMGUI/Scripts/Editor/IMGUIGraphWindow.cs' contains partial class of Unity.Object, exactly 1 of the partial classes needs to be in a file with the same filename. This is to know the one that can be referenced from ie. GameObjects
'Assets/QFramework/Toolkits/_CoreKit/GraphKit/IMGUI/Scripts/Editor/IMGUIGraphEditorGUI.cs' contains partial class of Unity.Object, exactly 1 of the partial classes needs to be in a file with the same filename. This is to know the one that can be referenced from ie. GameObjects
'Assets/QFramework/Toolkits/_CoreKit/GraphKit/IMGUI/Scripts/Editor/IMGUIGraphEditorAction.cs' contains partial class of Unity.Object, exactly 1 of the partial classes needs to be in a file with the same filename. This is to know the one that can be referenced from ie. GameObjects
Refreshing native plugins compatible for Editor in 2.06 ms, found 4 plugins.
Native extension for Android target not found
Native extension for WindowsStandalone target not found
Mono: successfully reloaded assembly
- Finished resetting the current domain, in  0.710 seconds
Domain Reload Profiling: 1409ms
	BeginReloadAssembly (193ms)
		ExecutionOrderSort (0ms)
		DisableScriptedObjects (9ms)
		BackupInstance (0ms)
		ReleaseScriptingObjects (0ms)
		CreateAndSetChildDomain (43ms)
	RebuildCommonClasses (34ms)
	RebuildNativeTypeToScriptingClass (11ms)
	initialDomainReloadingComplete (25ms)
	LoadAllAssembliesAndSetupDomain (433ms)
		LoadAssemblies (366ms)
		RebuildTransferFunctionScriptingTraits (0ms)
		AnalyzeDomain (162ms)
			TypeCache.Refresh (8ms)
				TypeCache.ScanAssembly (1ms)
			BuildScriptInfoCaches (140ms)
			ResolveRequiredComponents (11ms)
	FinalizeReload (713ms)
		ReleaseScriptCaches (0ms)
		RebuildScriptCaches (0ms)
		SetupLoadedEditorAssemblies (534ms)
			LogAssemblyErrors (0ms)
			InitializePlatformSupportModulesInManaged (17ms)
			SetLoadedEditorAssemblies (3ms)
			BeforeProcessingInitializeOnLoad (74ms)
			ProcessInitializeOnLoadAttributes (371ms)
			ProcessInitializeOnLoadMethodAttributes (66ms)
			AfterProcessingInitializeOnLoad (3ms)
			EditorAssembliesLoaded (0ms)
		ExecutionOrderSort2 (0ms)
		AwakeInstancesAfterBackupRestoration (11ms)
Refreshing native plugins compatible for Editor in 1.90 ms, found 4 plugins.
Preloading 0 native plugins for Editor in 0.00 ms.
Unloading 37 Unused Serialized files (Serialized files now loaded: 0)
Unloading 6864 unused Assets / (6.6 MB). Loaded Objects now: 7531.
Memory consumption went from 166.5 MB to 159.9 MB.
Total: 8.013800 ms (FindLiveObjects: 0.596000 ms CreateObjectMapping: 0.497200 ms MarkObjects: 4.191300 ms  DeleteObjects: 2.728300 ms)

Prepare: number of updated asset objects reloaded= 0
========================================================================
Received Prepare
Begin MonoManager ReloadAssembly
Symbol file LoadedFromMemory doesn't match image D:\æ¡Œé¢\Survivorgit\Survivor2D\Library\PackageCache\com.unity.visualscripting@1.8.0\Editor\VisualScripting.Core\Dependencies\YamlDotNet\Unity.VisualScripting.YamlDotNet.dll
Symbol file LoadedFromMemory doesn't match image D:\æ¡Œé¢\Survivorgit\Survivor2D\Library\PackageCache\com.unity.visualscripting@1.8.0\Editor\VisualScripting.Core\Dependencies\DotNetZip\Unity.VisualScripting.IonicZip.dll
- Loaded All Assemblies, in  0.735 seconds
'Assets/QFramework/Toolkits/_CoreKit/GraphKit/IMGUI/Scripts/IMGUISceneGraph.cs' contains partial class of Unity.Object, exactly 1 of the partial classes needs to be in a file with the same filename. This is to know the one that can be referenced from ie. GameObjects
'Assets/QFramework/Toolkits/_CoreKit/GraphKit/IMGUI/Scripts/IMGUISceneGraph.cs' contains partial class of Unity.Object, exactly 1 of the partial classes needs to be in a file with the same filename. This is to know the one that can be referenced from ie. GameObjects
'Assets/QFramework/Toolkits/_CoreKit/GraphKit/IMGUI/Scripts/Editor/IMGUIGraphWindow.cs' contains partial class of Unity.Object, exactly 1 of the partial classes needs to be in a file with the same filename. This is to know the one that can be referenced from ie. GameObjects
'Assets/QFramework/Toolkits/_CoreKit/GraphKit/IMGUI/Scripts/Editor/IMGUIGraphEditorGUI.cs' contains partial class of Unity.Object, exactly 1 of the partial classes needs to be in a file with the same filename. This is to know the one that can be referenced from ie. GameObjects
'Assets/QFramework/Toolkits/_CoreKit/GraphKit/IMGUI/Scripts/Editor/IMGUIGraphEditorAction.cs' contains partial class of Unity.Object, exactly 1 of the partial classes needs to be in a file with the same filename. This is to know the one that can be referenced from ie. GameObjects
Refreshing native plugins compatible for Editor in 2.06 ms, found 4 plugins.
Native extension for Android target not found
Native extension for WindowsStandalone target not found
Mono: successfully reloaded assembly
- Finished resetting the current domain, in  0.701 seconds
Domain Reload Profiling: 1432ms
	BeginReloadAssembly (182ms)
		ExecutionOrderSort (0ms)
		DisableScriptedObjects (9ms)
		BackupInstance (0ms)
		ReleaseScriptingObjects (0ms)
		CreateAndSetChildDomain (42ms)
	RebuildCommonClasses (31ms)
	RebuildNativeTypeToScriptingClass (15ms)
	initialDomainReloadingComplete (32ms)
	LoadAllAssembliesAndSetupDomain (471ms)
		LoadAssemblies (395ms)
		RebuildTransferFunctionScriptingTraits (0ms)
		AnalyzeDomain (165ms)
			TypeCache.Refresh (11ms)
				TypeCache.ScanAssembly (1ms)
			BuildScriptInfoCaches (142ms)
			ResolveRequiredComponents (9ms)
	FinalizeReload (702ms)
		ReleaseScriptCaches (0ms)
		RebuildScriptCaches (0ms)
		SetupLoadedEditorAssemblies (528ms)
			LogAssemblyErrors (0ms)
			InitializePlatformSupportModulesInManaged (17ms)
			SetLoadedEditorAssemblies (3ms)
			BeforeProcessingInitializeOnLoad (72ms)
			ProcessInitializeOnLoadAttributes (371ms)
			ProcessInitializeOnLoadMethodAttributes (61ms)
			AfterProcessingInitializeOnLoad (3ms)
			EditorAssembliesLoaded (0ms)
		ExecutionOrderSort2 (0ms)
		AwakeInstancesAfterBackupRestoration (11ms)
Refreshing native plugins compatible for Editor in 1.78 ms, found 4 plugins.
Preloading 0 native plugins for Editor in 0.00 ms.
Unloading 37 Unused Serialized files (Serialized files now loaded: 0)
Unloading 6864 unused Assets / (6.3 MB). Loaded Objects now: 7531.
Memory consumption went from 168.4 MB to 162.1 MB.
Total: 7.478700 ms (FindLiveObjects: 0.516400 ms CreateObjectMapping: 0.486400 ms MarkObjects: 4.009100 ms  DeleteObjects: 2.465800 ms)

Prepare: number of updated asset objects reloaded= 0
========================================================================
Received Prepare
Begin MonoManager ReloadAssembly
Symbol file LoadedFromMemory doesn't match image D:\æ¡Œé¢\Survivorgit\Survivor2D\Library\PackageCache\com.unity.visualscripting@1.8.0\Editor\VisualScripting.Core\Dependencies\YamlDotNet\Unity.VisualScripting.YamlDotNet.dll
Symbol file LoadedFromMemory doesn't match image D:\æ¡Œé¢\Survivorgit\Survivor2D\Library\PackageCache\com.unity.visualscripting@1.8.0\Editor\VisualScripting.Core\Dependencies\DotNetZip\Unity.VisualScripting.IonicZip.dll
- Loaded All Assemblies, in  0.835 seconds
'Assets/QFramework/Toolkits/_CoreKit/GraphKit/IMGUI/Scripts/IMGUISceneGraph.cs' contains partial class of Unity.Object, exactly 1 of the partial classes needs to be in a file with the same filename. This is to know the one that can be referenced from ie. GameObjects
'Assets/QFramework/Toolkits/_CoreKit/GraphKit/IMGUI/Scripts/IMGUISceneGraph.cs' contains partial class of Unity.Object, exactly 1 of the partial classes needs to be in a file with the same filename. This is to know the one that can be referenced from ie. GameObjects
'Assets/QFramework/Toolkits/_CoreKit/GraphKit/IMGUI/Scripts/Editor/IMGUIGraphWindow.cs' contains partial class of Unity.Object, exactly 1 of the partial classes needs to be in a file with the same filename. This is to know the one that can be referenced from ie. GameObjects
'Assets/QFramework/Toolkits/_CoreKit/GraphKit/IMGUI/Scripts/Editor/IMGUIGraphEditorGUI.cs' contains partial class of Unity.Object, exactly 1 of the partial classes needs to be in a file with the same filename. This is to know the one that can be referenced from ie. GameObjects
'Assets/QFramework/Toolkits/_CoreKit/GraphKit/IMGUI/Scripts/Editor/IMGUIGraphEditorAction.cs' contains partial class of Unity.Object, exactly 1 of the partial classes needs to be in a file with the same filename. This is to know the one that can be referenced from ie. GameObjects
Refreshing native plugins compatible for Editor in 1.97 ms, found 4 plugins.
Native extension for Android target not found
Native extension for WindowsStandalone target not found
Mono: successfully reloaded assembly
- Finished resetting the current domain, in  0.837 seconds
Domain Reload Profiling: 1669ms
	BeginReloadAssembly (209ms)
		ExecutionOrderSort (0ms)
		DisableScriptedObjects (12ms)
		BackupInstance (0ms)
		ReleaseScriptingObjects (0ms)
		CreateAndSetChildDomain (46ms)
	RebuildCommonClasses (38ms)
	RebuildNativeTypeToScriptingClass (11ms)
	initialDomainReloadingComplete (34ms)
	LoadAllAssembliesAndSetupDomain (539ms)
		LoadAssemblies (436ms)
		RebuildTransferFunctionScriptingTraits (0ms)
		AnalyzeDomain (202ms)
			TypeCache.Refresh (11ms)
				TypeCache.ScanAssembly (1ms)
			BuildScriptInfoCaches (175ms)
			ResolveRequiredComponents (12ms)
	FinalizeReload (838ms)
		ReleaseScriptCaches (0ms)
		RebuildScriptCaches (0ms)
		SetupLoadedEditorAssemblies (623ms)
			LogAssemblyErrors (0ms)
			InitializePlatformSupportModulesInManaged (22ms)
			SetLoadedEditorAssemblies (4ms)
			BeforeProcessingInitializeOnLoad (91ms)
			ProcessInitializeOnLoadAttributes (431ms)
			ProcessInitializeOnLoadMethodAttributes (73ms)
			AfterProcessingInitializeOnLoad (3ms)
			EditorAssembliesLoaded (0ms)
		ExecutionOrderSort2 (0ms)
		AwakeInstancesAfterBackupRestoration (10ms)
Refreshing native plugins compatible for Editor in 2.68 ms, found 4 plugins.
Preloading 0 native plugins for Editor in 0.00 ms.
Unloading 37 Unused Serialized files (Serialized files now loaded: 0)
Unloading 6864 unused Assets / (6.2 MB). Loaded Objects now: 7531.
Memory consumption went from 170.3 MB to 164.1 MB.
Total: 9.458500 ms (FindLiveObjects: 0.924300 ms CreateObjectMapping: 0.599500 ms MarkObjects: 4.593500 ms  DeleteObjects: 3.339900 ms)

Prepare: number of updated asset objects reloaded= 0
========================================================================
Received Import Request.
  Time since last request: 1088.219961 seconds.
  path: Assets/Art/Config/Level1.asset
  artifactKey: Guid(95871ec98b6f9af47884f3477178ca0a) Importer(815301076,1909f56bfc062723c751e8b465ee728b)
Start importing Assets/Art/Config/Level1.asset using Guid(95871ec98b6f9af47884f3477178ca0a) Importer(815301076,1909f56bfc062723c751e8b465ee728b) (PreviewImporter) -> (artifact id: '3cc62011192711982e805a5cc31e132d') in 0.0457027 seconds
Number of updated asset objects reloaded before import = 0Number of asset objects unloaded after import = 1

========================================================================
Received Import Request.
  Time since last request: 49.639948 seconds.
  path: Assets/Art/Prefab
  artifactKey: Guid(26fcba43468d19c4e8b397be159be1bc) Importer(815301076,1909f56bfc062723c751e8b465ee728b)
Start importing Assets/Art/Prefab using Guid(26fcba43468d19c4e8b397be159be1bc) Importer(815301076,1909f56bfc062723c751e8b465ee728b) (PreviewImporter) -> (artifact id: 'fe131efad8b54267cb6449e1b5980b0a') in 0.0006968 seconds
Number of updated asset objects reloaded before import = 0Number of asset objects unloaded after import = 0

========================================================================
Received Import Request.
  Time since last request: 9.959806 seconds.
  path: Assets/Art/Prefab/Enemy
  artifactKey: Guid(c1c0d1c08bec9814cb540d83ff71896c) Importer(815301076,1909f56bfc062723c751e8b465ee728b)
Start importing Assets/Art/Prefab/Enemy using Guid(c1c0d1c08bec9814cb540d83ff71896c) Importer(815301076,1909f56bfc062723c751e8b465ee728b) (PreviewImporter) -> (artifact id: 'd9496df96f58cb232111a64d28c326cc') in 0.0006874 seconds
Number of updated asset objects reloaded before import = 0Number of asset objects unloaded after import = 0

========================================================================
Received Import Request.
  Time since last request: 28.034114 seconds.
  path: Assets/Art/Prefab/Enemy/EnemyFlyBossB.prefab
  artifactKey: Guid(67960872ef684b345aaf06831d1b5869) Importer(815301076,1909f56bfc062723c751e8b465ee728b)
Start importing Assets/Art/Prefab/Enemy/EnemyFlyBossB.prefab using Guid(67960872ef684b345aaf06831d1b5869) Importer(815301076,1909f56bfc062723c751e8b465ee728b) (PreviewImporter) -> (artifact id: '138cbef02ad7a6a15932bd581c1e1b7f') in 0.2611571 seconds
Number of updated asset objects reloaded before import = 0Number of asset objects unloaded after import = 41

========================================================================
Received Import Request.
  Time since last request: 9.623529 seconds.
  path: Assets/Art/Prefab/Enemy/EnemyA.prefab
  artifactKey: Guid(4714ab9796c8f0347b383f3087b22de2) Importer(815301076,1909f56bfc062723c751e8b465ee728b)
Start importing Assets/Art/Prefab/Enemy/EnemyA.prefab using Guid(4714ab9796c8f0347b383f3087b22de2) Importer(815301076,1909f56bfc062723c751e8b465ee728b) (PreviewImporter) -> (artifact id: '3f497d4ddd54ff87bcd04e053a894d8e') in 0.0117109 seconds
Number of updated asset objects reloaded before import = 0Number of asset objects unloaded after import = 28

========================================================================
Received Import Request.
  Time since last request: 4.601768 seconds.
  path: Assets/Art/Prefab/Enemy/EnemyFlyBossB.prefab
  artifactKey: Guid(67960872ef684b345aaf06831d1b5869) Importer(815301076,1909f56bfc062723c751e8b465ee728b)
Start importing Assets/Art/Prefab/Enemy/EnemyFlyBossB.prefab using Guid(67960872ef684b345aaf06831d1b5869) Importer(815301076,1909f56bfc062723c751e8b465ee728b) (PreviewImporter) -> (artifact id: 'e4a0cffcc2a52530c87ab513f53b47e0') in 0.0091268 seconds
Number of updated asset objects reloaded before import = 0Number of asset objects unloaded after import = 28

========================================================================
Received Import Request.
  Time since last request: 0.790271 seconds.
  path: Assets/Art/Prefab/Enemy/EnemyMinBoss.prefab
  artifactKey: Guid(d0f5ada09eeb2d044800b076a5637445) Importer(815301076,1909f56bfc062723c751e8b465ee728b)
Start importing Assets/Art/Prefab/Enemy/EnemyMinBoss.prefab using Guid(d0f5ada09eeb2d044800b076a5637445) Importer(815301076,1909f56bfc062723c751e8b465ee728b) (PreviewImporter) -> (artifact id: 'cd41e0f27008bdbc9070f67292732b9a') in 0.012876 seconds
Number of updated asset objects reloaded before import = 0Number of asset objects unloaded after import = 28

========================================================================
Received Import Request.
  Time since last request: 41.937170 seconds.
  path: Assets/Art/Prefab/Enemy/EnemyA.prefab
  artifactKey: Guid(4714ab9796c8f0347b383f3087b22de2) Importer(815301076,1909f56bfc062723c751e8b465ee728b)
Start importing Assets/Art/Prefab/Enemy/EnemyA.prefab using Guid(4714ab9796c8f0347b383f3087b22de2) Importer(815301076,1909f56bfc062723c751e8b465ee728b) (PreviewImporter) -> (artifact id: '0aa91dc25c16a24d9fb7a16b66aa0a1f') in 0.0097068 seconds
Number of updated asset objects reloaded before import = 0Number of asset objects unloaded after import = 28

========================================================================
Received Import Request.
  Time since last request: 8.201632 seconds.
  path: Assets/Art/Prefab/Enemy/EnemyFlyBossB.prefab
  artifactKey: Guid(67960872ef684b345aaf06831d1b5869) Importer(815301076,1909f56bfc062723c751e8b465ee728b)
Start importing Assets/Art/Prefab/Enemy/EnemyFlyBossB.prefab using Guid(67960872ef684b345aaf06831d1b5869) Importer(815301076,1909f56bfc062723c751e8b465ee728b) (PreviewImporter) -> (artifact id: 'efefb4c70f65735eee588d48f851da05') in 0.0074098 seconds
Number of updated asset objects reloaded before import = 0Number of asset objects unloaded after import = 27

========================================================================
Received Import Request.
  Time since last request: 10.747735 seconds.
  path: Assets/Art/Prefab/Enemy/EnemyA.prefab
  artifactKey: Guid(4714ab9796c8f0347b383f3087b22de2) Importer(815301076,1909f56bfc062723c751e8b465ee728b)
Start importing Assets/Art/Prefab/Enemy/EnemyA.prefab using Guid(4714ab9796c8f0347b383f3087b22de2) Importer(815301076,1909f56bfc062723c751e8b465ee728b) (PreviewImporter) -> (artifact id: 'd3359bf573c51f933ef8fd3724ea324e') in 0.0100759 seconds
Number of updated asset objects reloaded before import = 0Number of asset objects unloaded after import = 27

========================================================================
Received Import Request.
  Time since last request: 3.255624 seconds.
  path: Assets/Art/Prefab/Enemy/EnemyABoss.prefab
  artifactKey: Guid(81c45544a649a4e42b6428828571bd88) Importer(815301076,1909f56bfc062723c751e8b465ee728b)
Start importing Assets/Art/Prefab/Enemy/EnemyABoss.prefab using Guid(81c45544a649a4e42b6428828571bd88) Importer(815301076,1909f56bfc062723c751e8b465ee728b) (PreviewImporter) -> (artifact id: '5a4914f75ad7d8694f52142992127ca6') in 0.0123508 seconds
Number of updated asset objects reloaded before import = 0Number of asset objects unloaded after import = 27

========================================================================
Received Prepare
'Assets/QFramework/Toolkits/_CoreKit/GraphKit/IMGUI/Scripts/IMGUISceneGraph.cs' contains partial class of Unity.Object, exactly 1 of the partial classes needs to be in a file with the same filename. This is to know the one that can be referenced from ie. GameObjects
'Assets/QFramework/Toolkits/_CoreKit/GraphKit/IMGUI/Scripts/IMGUISceneGraph.cs' contains partial class of Unity.Object, exactly 1 of the partial classes needs to be in a file with the same filename. This is to know the one that can be referenced from ie. GameObjects
'Assets/QFramework/Toolkits/_CoreKit/GraphKit/IMGUI/Scripts/Editor/IMGUIGraphWindow.cs' contains partial class of Unity.Object, exactly 1 of the partial classes needs to be in a file with the same filename. This is to know the one that can be referenced from ie. GameObjects
'Assets/QFramework/Toolkits/_CoreKit/GraphKit/IMGUI/Scripts/Editor/IMGUIGraphEditorGUI.cs' contains partial class of Unity.Object, exactly 1 of the partial classes needs to be in a file with the same filename. This is to know the one that can be referenced from ie. GameObjects
'Assets/QFramework/Toolkits/_CoreKit/GraphKit/IMGUI/Scripts/Editor/IMGUIGraphEditorAction.cs' contains partial class of Unity.Object, exactly 1 of the partial classes needs to be in a file with the same filename. This is to know the one that can be referenced from ie. GameObjects
Refreshing native plugins compatible for Editor in 3.71 ms, found 4 plugins.
Preloading 0 native plugins for Editor in 0.00 ms.
Unloading 36 Unused Serialized files (Serialized files now loaded: 0)
Unloading 6856 unused Assets / (6.4 MB). Loaded Objects now: 7623.
Memory consumption went from 169.9 MB to 163.5 MB.
Total: 11.183400 ms (FindLiveObjects: 0.661200 ms CreateObjectMapping: 0.920700 ms MarkObjects: 6.477800 ms  DeleteObjects: 3.121800 ms)

Prepare: number of updated asset objects reloaded= 0
========================================================================
Received Prepare
Begin MonoManager ReloadAssembly
Symbol file LoadedFromMemory doesn't match image D:\æ¡Œé¢\Survivorgit\Survivor2D\Library\PackageCache\com.unity.visualscripting@1.8.0\Editor\VisualScripting.Core\Dependencies\YamlDotNet\Unity.VisualScripting.YamlDotNet.dll
Symbol file LoadedFromMemory doesn't match image D:\æ¡Œé¢\Survivorgit\Survivor2D\Library\PackageCache\com.unity.visualscripting@1.8.0\Editor\VisualScripting.Core\Dependencies\DotNetZip\Unity.VisualScripting.IonicZip.dll
- Loaded All Assemblies, in  0.704 seconds
'Assets/QFramework/Toolkits/_CoreKit/GraphKit/IMGUI/Scripts/IMGUISceneGraph.cs' contains partial class of Unity.Object, exactly 1 of the partial classes needs to be in a file with the same filename. This is to know the one that can be referenced from ie. GameObjects
'Assets/QFramework/Toolkits/_CoreKit/GraphKit/IMGUI/Scripts/IMGUISceneGraph.cs' contains partial class of Unity.Object, exactly 1 of the partial classes needs to be in a file with the same filename. This is to know the one that can be referenced from ie. GameObjects
'Assets/QFramework/Toolkits/_CoreKit/GraphKit/IMGUI/Scripts/Editor/IMGUIGraphWindow.cs' contains partial class of Unity.Object, exactly 1 of the partial classes needs to be in a file with the same filename. This is to know the one that can be referenced from ie. GameObjects
'Assets/QFramework/Toolkits/_CoreKit/GraphKit/IMGUI/Scripts/Editor/IMGUIGraphEditorGUI.cs' contains partial class of Unity.Object, exactly 1 of the partial classes needs to be in a file with the same filename. This is to know the one that can be referenced from ie. GameObjects
'Assets/QFramework/Toolkits/_CoreKit/GraphKit/IMGUI/Scripts/Editor/IMGUIGraphEditorAction.cs' contains partial class of Unity.Object, exactly 1 of the partial classes needs to be in a file with the same filename. This is to know the one that can be referenced from ie. GameObjects
Refreshing native plugins compatible for Editor in 1.71 ms, found 4 plugins.
Native extension for Android target not found
Native extension for WindowsStandalone target not found
Mono: successfully reloaded assembly
- Finished resetting the current domain, in  0.718 seconds
Domain Reload Profiling: 1420ms
	BeginReloadAssembly (199ms)
		ExecutionOrderSort (0ms)
		DisableScriptedObjects (15ms)
		BackupInstance (0ms)
		ReleaseScriptingObjects (0ms)
		CreateAndSetChildDomain (59ms)
	RebuildCommonClasses (29ms)
	RebuildNativeTypeToScriptingClass (10ms)
	initialDomainReloadingComplete (26ms)
	LoadAllAssembliesAndSetupDomain (437ms)
		LoadAssemblies (356ms)
		RebuildTransferFunctionScriptingTraits (0ms)
		AnalyzeDomain (160ms)
			TypeCache.Refresh (8ms)
				TypeCache.ScanAssembly (1ms)
			BuildScriptInfoCaches (139ms)
			ResolveRequiredComponents (9ms)
	FinalizeReload (719ms)
		ReleaseScriptCaches (0ms)
		RebuildScriptCaches (0ms)
		SetupLoadedEditorAssemblies (523ms)
			LogAssemblyErrors (0ms)
			InitializePlatformSupportModulesInManaged (20ms)
			SetLoadedEditorAssemblies (3ms)
			BeforeProcessingInitializeOnLoad (65ms)
			ProcessInitializeOnLoadAttributes (376ms)
			ProcessInitializeOnLoadMethodAttributes (55ms)
			AfterProcessingInitializeOnLoad (2ms)
			EditorAssembliesLoaded (0ms)
		ExecutionOrderSort2 (0ms)
		AwakeInstancesAfterBackupRestoration (12ms)
Refreshing native plugins compatible for Editor in 1.62 ms, found 4 plugins.
Preloading 0 native plugins for Editor in 0.00 ms.
Unloading 46 Unused Serialized files (Serialized files now loaded: 0)
Unloading 6860 unused Assets / (6.0 MB). Loaded Objects now: 7573.
Memory consumption went from 179.7 MB to 173.7 MB.
Total: 7.771700 ms (FindLiveObjects: 0.592700 ms CreateObjectMapping: 0.530200 ms MarkObjects: 4.172800 ms  DeleteObjects: 2.473200 ms)

Prepare: number of updated asset objects reloaded= 0
========================================================================
Received Prepare
Begin MonoManager ReloadAssembly
Symbol file LoadedFromMemory doesn't match image D:\æ¡Œé¢\Survivorgit\Survivor2D\Library\PackageCache\com.unity.visualscripting@1.8.0\Editor\VisualScripting.Core\Dependencies\YamlDotNet\Unity.VisualScripting.YamlDotNet.dll
Symbol file LoadedFromMemory doesn't match image D:\æ¡Œé¢\Survivorgit\Survivor2D\Library\PackageCache\com.unity.visualscripting@1.8.0\Editor\VisualScripting.Core\Dependencies\DotNetZip\Unity.VisualScripting.IonicZip.dll
- Loaded All Assemblies, in  0.700 seconds
'Assets/QFramework/Toolkits/_CoreKit/GraphKit/IMGUI/Scripts/IMGUISceneGraph.cs' contains partial class of Unity.Object, exactly 1 of the partial classes needs to be in a file with the same filename. This is to know the one that can be referenced from ie. GameObjects
'Assets/QFramework/Toolkits/_CoreKit/GraphKit/IMGUI/Scripts/IMGUISceneGraph.cs' contains partial class of Unity.Object, exactly 1 of the partial classes needs to be in a file with the same filename. This is to know the one that can be referenced from ie. GameObjects
'Assets/QFramework/Toolkits/_CoreKit/GraphKit/IMGUI/Scripts/Editor/IMGUIGraphWindow.cs' contains partial class of Unity.Object, exactly 1 of the partial classes needs to be in a file with the same filename. This is to know the one that can be referenced from ie. GameObjects
'Assets/QFramework/Toolkits/_CoreKit/GraphKit/IMGUI/Scripts/Editor/IMGUIGraphEditorGUI.cs' contains partial class of Unity.Object, exactly 1 of the partial classes needs to be in a file with the same filename. This is to know the one that can be referenced from ie. GameObjects
'Assets/QFramework/Toolkits/_CoreKit/GraphKit/IMGUI/Scripts/Editor/IMGUIGraphEditorAction.cs' contains partial class of Unity.Object, exactly 1 of the partial classes needs to be in a file with the same filename. This is to know the one that can be referenced from ie. GameObjects
Refreshing native plugins compatible for Editor in 2.09 ms, found 4 plugins.
Native extension for Android target not found
Native extension for WindowsStandalone target not found
Mono: successfully reloaded assembly
- Finished resetting the current domain, in  0.721 seconds
Domain Reload Profiling: 1416ms
	BeginReloadAssembly (178ms)
		ExecutionOrderSort (0ms)
		DisableScriptedObjects (9ms)
		BackupInstance (0ms)
		ReleaseScriptingObjects (0ms)
		CreateAndSetChildDomain (43ms)
	RebuildCommonClasses (37ms)
	RebuildNativeTypeToScriptingClass (12ms)
	initialDomainReloadingComplete (23ms)
	LoadAllAssembliesAndSetupDomain (445ms)
		LoadAssemblies (355ms)
		RebuildTransferFunctionScriptingTraits (0ms)
		AnalyzeDomain (172ms)
			TypeCache.Refresh (8ms)
				TypeCache.ScanAssembly (1ms)
			BuildScriptInfoCaches (145ms)
			ResolveRequiredComponents (14ms)
	FinalizeReload (721ms)
		ReleaseScriptCaches (0ms)
		RebuildScriptCaches (0ms)
		SetupLoadedEditorAssemblies (524ms)
			LogAssemblyErrors (0ms)
			InitializePlatformSupportModulesInManaged (17ms)
			SetLoadedEditorAssemblies (3ms)
			BeforeProcessingInitializeOnLoad (64ms)
			ProcessInitializeOnLoadAttributes (377ms)
			ProcessInitializeOnLoadMethodAttributes (61ms)
			AfterProcessingInitializeOnLoad (3ms)
			EditorAssembliesLoaded (0ms)
		ExecutionOrderSort2 (0ms)
		AwakeInstancesAfterBackupRestoration (16ms)
Refreshing native plugins compatible for Editor in 1.81 ms, found 4 plugins.
Preloading 0 native plugins for Editor in 0.00 ms.
Unloading 33 Unused Serialized files (Serialized files now loaded: 0)
Unloading 6860 unused Assets / (5.9 MB). Loaded Objects now: 7573.
Memory consumption went from 179.4 MB to 173.5 MB.
Total: 7.855200 ms (FindLiveObjects: 0.547700 ms CreateObjectMapping: 0.501000 ms MarkObjects: 4.235300 ms  DeleteObjects: 2.570400 ms)

Prepare: number of updated asset objects reloaded= 0
========================================================================
Received Import Request.
  Time since last request: 200.639022 seconds.
  path: Assets/Art/Config/Level1.asset
  artifactKey: Guid(95871ec98b6f9af47884f3477178ca0a) Importer(815301076,1909f56bfc062723c751e8b465ee728b)
Start importing Assets/Art/Config/Level1.asset using Guid(95871ec98b6f9af47884f3477178ca0a) Importer(815301076,1909f56bfc062723c751e8b465ee728b) (PreviewImporter) -> (artifact id: '5662d84dad051410c404cce51babbfbb') in 0.03832 seconds
Number of updated asset objects reloaded before import = 0Number of asset objects unloaded after import = 1

========================================================================
Received Import Request.
  Time since last request: 23.112244 seconds.
  path: Assets/Art/Config/Level1.asset
  artifactKey: Guid(95871ec98b6f9af47884f3477178ca0a) Importer(815301076,1909f56bfc062723c751e8b465ee728b)
Start importing Assets/Art/Config/Level1.asset using Guid(95871ec98b6f9af47884f3477178ca0a) Importer(815301076,1909f56bfc062723c751e8b465ee728b) (PreviewImporter) -> (artifact id: '3adbd7e4bba85d9fcbba154d31d2eeb7') in 0.0014891 seconds
Number of updated asset objects reloaded before import = 0Number of asset objects unloaded after import = 1

========================================================================
Received Import Request.
  Time since last request: 35.274147 seconds.
  path: Assets/Art/Config/Level1.asset
  artifactKey: Guid(95871ec98b6f9af47884f3477178ca0a) Importer(815301076,1909f56bfc062723c751e8b465ee728b)
Start importing Assets/Art/Config/Level1.asset using Guid(95871ec98b6f9af47884f3477178ca0a) Importer(815301076,1909f56bfc062723c751e8b465ee728b) (PreviewImporter) -> (artifact id: '5bb5d59119f475af359538e569f07b1c') in 0.0013184 seconds
Number of updated asset objects reloaded before import = 0Number of asset objects unloaded after import = 1

========================================================================
Received Import Request.
  Time since last request: 106.013591 seconds.
  path: Assets/Art/Config/Level1.asset
  artifactKey: Guid(95871ec98b6f9af47884f3477178ca0a) Importer(815301076,1909f56bfc062723c751e8b465ee728b)
Start importing Assets/Art/Config/Level1.asset using Guid(95871ec98b6f9af47884f3477178ca0a) Importer(815301076,1909f56bfc062723c751e8b465ee728b) (PreviewImporter) -> (artifact id: '7f449b6d5035594d71eea79c1c4c364e') in 0.0044427 seconds
Number of updated asset objects reloaded before import = 0Number of asset objects unloaded after import = 26

========================================================================
Received Import Request.
  Time since last request: 100.926426 seconds.
  path: Assets/Art/Config/Level1.asset
  artifactKey: Guid(95871ec98b6f9af47884f3477178ca0a) Importer(815301076,1909f56bfc062723c751e8b465ee728b)
Start importing Assets/Art/Config/Level1.asset using Guid(95871ec98b6f9af47884f3477178ca0a) Importer(815301076,1909f56bfc062723c751e8b465ee728b) (PreviewImporter) -> (artifact id: '0320c32b10ea9f4ecca4950d632ef121') in 0.0040376 seconds
Number of updated asset objects reloaded before import = 0Number of asset objects unloaded after import = 49

========================================================================
Received Prepare
Begin MonoManager ReloadAssembly
Symbol file LoadedFromMemory doesn't match image D:\æ¡Œé¢\Survivorgit\Survivor2D\Library\PackageCache\com.unity.visualscripting@1.8.0\Editor\VisualScripting.Core\Dependencies\YamlDotNet\Unity.VisualScripting.YamlDotNet.dll
Symbol file LoadedFromMemory doesn't match image D:\æ¡Œé¢\Survivorgit\Survivor2D\Library\PackageCache\com.unity.visualscripting@1.8.0\Editor\VisualScripting.Core\Dependencies\DotNetZip\Unity.VisualScripting.IonicZip.dll
- Loaded All Assemblies, in  0.716 seconds
'Assets/QFramework/Toolkits/_CoreKit/GraphKit/IMGUI/Scripts/IMGUISceneGraph.cs' contains partial class of Unity.Object, exactly 1 of the partial classes needs to be in a file with the same filename. This is to know the one that can be referenced from ie. GameObjects
'Assets/QFramework/Toolkits/_CoreKit/GraphKit/IMGUI/Scripts/IMGUISceneGraph.cs' contains partial class of Unity.Object, exactly 1 of the partial classes needs to be in a file with the same filename. This is to know the one that can be referenced from ie. GameObjects
'Assets/QFramework/Toolkits/_CoreKit/GraphKit/IMGUI/Scripts/Editor/IMGUIGraphWindow.cs' contains partial class of Unity.Object, exactly 1 of the partial classes needs to be in a file with the same filename. This is to know the one that can be referenced from ie. GameObjects
'Assets/QFramework/Toolkits/_CoreKit/GraphKit/IMGUI/Scripts/Editor/IMGUIGraphEditorGUI.cs' contains partial class of Unity.Object, exactly 1 of the partial classes needs to be in a file with the same filename. This is to know the one that can be referenced from ie. GameObjects
'Assets/QFramework/Toolkits/_CoreKit/GraphKit/IMGUI/Scripts/Editor/IMGUIGraphEditorAction.cs' contains partial class of Unity.Object, exactly 1 of the partial classes needs to be in a file with the same filename. This is to know the one that can be referenced from ie. GameObjects
Refreshing native plugins compatible for Editor in 1.88 ms, found 4 plugins.
Native extension for Android target not found
Native extension for WindowsStandalone target not found
Mono: successfully reloaded assembly
- Finished resetting the current domain, in  0.711 seconds
Domain Reload Profiling: 1421ms
	BeginReloadAssembly (194ms)
		ExecutionOrderSort (0ms)
		DisableScriptedObjects (12ms)
		BackupInstance (0ms)
		ReleaseScriptingObjects (0ms)
		CreateAndSetChildDomain (52ms)
	RebuildCommonClasses (29ms)
	RebuildNativeTypeToScriptingClass (11ms)
	initialDomainReloadingComplete (23ms)
	LoadAllAssembliesAndSetupDomain (453ms)
		LoadAssemblies (381ms)
		RebuildTransferFunctionScriptingTraits (0ms)
		AnalyzeDomain (156ms)
			TypeCache.Refresh (10ms)
				TypeCache.ScanAssembly (1ms)
			BuildScriptInfoCaches (134ms)
			ResolveRequiredComponents (9ms)
	FinalizeReload (711ms)
		ReleaseScriptCaches (0ms)
		RebuildScriptCaches (0ms)
		SetupLoadedEditorAssemblies (523ms)
			LogAssemblyErrors (0ms)
			InitializePlatformSupportModulesInManaged (19ms)
			SetLoadedEditorAssemblies (3ms)
			BeforeProcessingInitializeOnLoad (63ms)
			ProcessInitializeOnLoadAttributes (370ms)
			ProcessInitializeOnLoadMethodAttributes (66ms)
			AfterProcessingInitializeOnLoad (2ms)
			EditorAssembliesLoaded (0ms)
		ExecutionOrderSort2 (0ms)
		AwakeInstancesAfterBackupRestoration (11ms)
Refreshing native plugins compatible for Editor in 1.52 ms, found 4 plugins.
Preloading 0 native plugins for Editor in 0.00 ms.
Unloading 33 Unused Serialized files (Serialized files now loaded: 0)
Unloading 6860 unused Assets / (5.5 MB). Loaded Objects now: 7573.
Memory consumption went from 181.3 MB to 175.8 MB.
Total: 7.067300 ms (FindLiveObjects: 0.529100 ms CreateObjectMapping: 0.481900 ms MarkObjects: 4.017000 ms  DeleteObjects: 2.038500 ms)

Prepare: number of updated asset objects reloaded= 0
========================================================================
Received Prepare
Begin MonoManager ReloadAssembly
Symbol file LoadedFromMemory doesn't match image D:\æ¡Œé¢\Survivorgit\Survivor2D\Library\PackageCache\com.unity.visualscripting@1.8.0\Editor\VisualScripting.Core\Dependencies\YamlDotNet\Unity.VisualScripting.YamlDotNet.dll
Symbol file LoadedFromMemory doesn't match image D:\æ¡Œé¢\Survivorgit\Survivor2D\Library\PackageCache\com.unity.visualscripting@1.8.0\Editor\VisualScripting.Core\Dependencies\DotNetZip\Unity.VisualScripting.IonicZip.dll
- Loaded All Assemblies, in  0.710 seconds
'Assets/QFramework/Toolkits/_CoreKit/GraphKit/IMGUI/Scripts/IMGUISceneGraph.cs' contains partial class of Unity.Object, exactly 1 of the partial classes needs to be in a file with the same filename. This is to know the one that can be referenced from ie. GameObjects
'Assets/QFramework/Toolkits/_CoreKit/GraphKit/IMGUI/Scripts/IMGUISceneGraph.cs' contains partial class of Unity.Object, exactly 1 of the partial classes needs to be in a file with the same filename. This is to know the one that can be referenced from ie. GameObjects
'Assets/QFramework/Toolkits/_CoreKit/GraphKit/IMGUI/Scripts/Editor/IMGUIGraphWindow.cs' contains partial class of Unity.Object, exactly 1 of the partial classes needs to be in a file with the same filename. This is to know the one that can be referenced from ie. GameObjects
'Assets/QFramework/Toolkits/_CoreKit/GraphKit/IMGUI/Scripts/Editor/IMGUIGraphEditorGUI.cs' contains partial class of Unity.Object, exactly 1 of the partial classes needs to be in a file with the same filename. This is to know the one that can be referenced from ie. GameObjects
'Assets/QFramework/Toolkits/_CoreKit/GraphKit/IMGUI/Scripts/Editor/IMGUIGraphEditorAction.cs' contains partial class of Unity.Object, exactly 1 of the partial classes needs to be in a file with the same filename. This is to know the one that can be referenced from ie. GameObjects
Refreshing native plugins compatible for Editor in 1.54 ms, found 4 plugins.
Native extension for Android target not found
Native extension for WindowsStandalone target not found
Mono: successfully reloaded assembly
- Finished resetting the current domain, in  0.714 seconds
Domain Reload Profiling: 1419ms
	BeginReloadAssembly (183ms)
		ExecutionOrderSort (0ms)
		DisableScriptedObjects (9ms)
		BackupInstance (0ms)
		ReleaseScriptingObjects (0ms)
		CreateAndSetChildDomain (45ms)
	RebuildCommonClasses (33ms)
	RebuildNativeTypeToScriptingClass (12ms)
	initialDomainReloadingComplete (29ms)
	LoadAllAssembliesAndSetupDomain (448ms)
		LoadAssemblies (360ms)
		RebuildTransferFunctionScriptingTraits (0ms)
		AnalyzeDomain (174ms)
			TypeCache.Refresh (9ms)
				TypeCache.ScanAssembly (1ms)
			BuildScriptInfoCaches (152ms)
			ResolveRequiredComponents (10ms)
	FinalizeReload (714ms)
		ReleaseScriptCaches (0ms)
		RebuildScriptCaches (0ms)
		SetupLoadedEditorAssemblies (526ms)
			LogAssemblyErrors (0ms)
			InitializePlatformSupportModulesInManaged (15ms)
			SetLoadedEditorAssemblies (3ms)
			BeforeProcessingInitializeOnLoad (72ms)
			ProcessInitializeOnLoadAttributes (371ms)
			ProcessInitializeOnLoadMethodAttributes (59ms)
			AfterProcessingInitializeOnLoad (6ms)
			EditorAssembliesLoaded (0ms)
		ExecutionOrderSort2 (0ms)
		AwakeInstancesAfterBackupRestoration (14ms)
Refreshing native plugins compatible for Editor in 1.67 ms, found 4 plugins.
Preloading 0 native plugins for Editor in 0.00 ms.
Unloading 33 Unused Serialized files (Serialized files now loaded: 0)
Unloading 6860 unused Assets / (5.9 MB). Loaded Objects now: 7573.
Memory consumption went from 183.2 MB to 177.3 MB.
Total: 7.848800 ms (FindLiveObjects: 0.506400 ms CreateObjectMapping: 0.481700 ms MarkObjects: 4.124900 ms  DeleteObjects: 2.734600 ms)

Prepare: number of updated asset objects reloaded= 0
========================================================================
Received Prepare
Begin MonoManager ReloadAssembly
Symbol file LoadedFromMemory doesn't match image D:\æ¡Œé¢\Survivorgit\Survivor2D\Library\PackageCache\com.unity.visualscripting@1.8.0\Editor\VisualScripting.Core\Dependencies\YamlDotNet\Unity.VisualScripting.YamlDotNet.dll
Symbol file LoadedFromMemory doesn't match image D:\æ¡Œé¢\Survivorgit\Survivor2D\Library\PackageCache\com.unity.visualscripting@1.8.0\Editor\VisualScripting.Core\Dependencies\DotNetZip\Unity.VisualScripting.IonicZip.dll
- Loaded All Assemblies, in  0.786 seconds
'Assets/QFramework/Toolkits/_CoreKit/GraphKit/IMGUI/Scripts/IMGUISceneGraph.cs' contains partial class of Unity.Object, exactly 1 of the partial classes needs to be in a file with the same filename. This is to know the one that can be referenced from ie. GameObjects
'Assets/QFramework/Toolkits/_CoreKit/GraphKit/IMGUI/Scripts/IMGUISceneGraph.cs' contains partial class of Unity.Object, exactly 1 of the partial classes needs to be in a file with the same filename. This is to know the one that can be referenced from ie. GameObjects
'Assets/QFramework/Toolkits/_CoreKit/GraphKit/IMGUI/Scripts/Editor/IMGUIGraphWindow.cs' contains partial class of Unity.Object, exactly 1 of the partial classes needs to be in a file with the same filename. This is to know the one that can be referenced from ie. GameObjects
'Assets/QFramework/Toolkits/_CoreKit/GraphKit/IMGUI/Scripts/Editor/IMGUIGraphEditorGUI.cs' contains partial class of Unity.Object, exactly 1 of the partial classes needs to be in a file with the same filename. This is to know the one that can be referenced from ie. GameObjects
'Assets/QFramework/Toolkits/_CoreKit/GraphKit/IMGUI/Scripts/Editor/IMGUIGraphEditorAction.cs' contains partial class of Unity.Object, exactly 1 of the partial classes needs to be in a file with the same filename. This is to know the one that can be referenced from ie. GameObjects
Refreshing native plugins compatible for Editor in 1.97 ms, found 4 plugins.
Native extension for Android target not found
Native extension for WindowsStandalone target not found
Mono: successfully reloaded assembly
- Finished resetting the current domain, in  0.804 seconds
Domain Reload Profiling: 1588ms
	BeginReloadAssembly (195ms)
		ExecutionOrderSort (0ms)
		DisableScriptedObjects (11ms)
		BackupInstance (0ms)
		ReleaseScriptingObjects (0ms)
		CreateAndSetChildDomain (46ms)
	RebuildCommonClasses (39ms)
	RebuildNativeTypeToScriptingClass (11ms)
	initialDomainReloadingComplete (28ms)
	LoadAllAssembliesAndSetupDomain (512ms)
		LoadAssemblies (425ms)
		RebuildTransferFunctionScriptingTraits (0ms)
		AnalyzeDomain (183ms)
			TypeCache.Refresh (12ms)
				TypeCache.ScanAssembly (1ms)
			BuildScriptInfoCaches (156ms)
			ResolveRequiredComponents (11ms)
	FinalizeReload (804ms)
		ReleaseScriptCaches (0ms)
		RebuildScriptCaches (0ms)
		SetupLoadedEditorAssemblies (599ms)
			LogAssemblyErrors (0ms)
			InitializePlatformSupportModulesInManaged (18ms)
			SetLoadedEditorAssemblies (3ms)
			BeforeProcessingInitializeOnLoad (77ms)
			ProcessInitializeOnLoadAttributes (440ms)
			ProcessInitializeOnLoadMethodAttributes (60ms)
			AfterProcessingInitializeOnLoad (2ms)
			EditorAssembliesLoaded (0ms)
		ExecutionOrderSort2 (0ms)
		AwakeInstancesAfterBackupRestoration (13ms)
Refreshing native plugins compatible for Editor in 1.68 ms, found 4 plugins.
Preloading 0 native plugins for Editor in 0.00 ms.
Unloading 33 Unused Serialized files (Serialized files now loaded: 0)
Unloading 6860 unused Assets / (5.4 MB). Loaded Objects now: 7573.
Memory consumption went from 185.1 MB to 179.7 MB.
Total: 8.152300 ms (FindLiveObjects: 0.523000 ms CreateObjectMapping: 0.708500 ms MarkObjects: 4.502600 ms  DeleteObjects: 2.417200 ms)

Prepare: number of updated asset objects reloaded= 0
========================================================================
Received Prepare
Begin MonoManager ReloadAssembly
Symbol file LoadedFromMemory doesn't match image D:\æ¡Œé¢\Survivorgit\Survivor2D\Library\PackageCache\com.unity.visualscripting@1.8.0\Editor\VisualScripting.Core\Dependencies\YamlDotNet\Unity.VisualScripting.YamlDotNet.dll
Symbol file LoadedFromMemory doesn't match image D:\æ¡Œé¢\Survivorgit\Survivor2D\Library\PackageCache\com.unity.visualscripting@1.8.0\Editor\VisualScripting.Core\Dependencies\DotNetZip\Unity.VisualScripting.IonicZip.dll
- Loaded All Assemblies, in  0.640 seconds
'Assets/QFramework/Toolkits/_CoreKit/GraphKit/IMGUI/Scripts/IMGUISceneGraph.cs' contains partial class of Unity.Object, exactly 1 of the partial classes needs to be in a file with the same filename. This is to know the one that can be referenced from ie. GameObjects
'Assets/QFramework/Toolkits/_CoreKit/GraphKit/IMGUI/Scripts/IMGUISceneGraph.cs' contains partial class of Unity.Object, exactly 1 of the partial classes needs to be in a file with the same filename. This is to know the one that can be referenced from ie. GameObjects
'Assets/QFramework/Toolkits/_CoreKit/GraphKit/IMGUI/Scripts/Editor/IMGUIGraphWindow.cs' contains partial class of Unity.Object, exactly 1 of the partial classes needs to be in a file with the same filename. This is to know the one that can be referenced from ie. GameObjects
'Assets/QFramework/Toolkits/_CoreKit/GraphKit/IMGUI/Scripts/Editor/IMGUIGraphEditorGUI.cs' contains partial class of Unity.Object, exactly 1 of the partial classes needs to be in a file with the same filename. This is to know the one that can be referenced from ie. GameObjects
'Assets/QFramework/Toolkits/_CoreKit/GraphKit/IMGUI/Scripts/Editor/IMGUIGraphEditorAction.cs' contains partial class of Unity.Object, exactly 1 of the partial classes needs to be in a file with the same filename. This is to know the one that can be referenced from ie. GameObjects
Refreshing native plugins compatible for Editor in 1.73 ms, found 4 plugins.
Native extension for Android target not found
Native extension for WindowsStandalone target not found
Mono: successfully reloaded assembly
- Finished resetting the current domain, in  0.704 seconds
Domain Reload Profiling: 1341ms
	BeginReloadAssembly (165ms)
		ExecutionOrderSort (0ms)
		DisableScriptedObjects (11ms)
		BackupInstance (0ms)
		ReleaseScriptingObjects (0ms)
		CreateAndSetChildDomain (38ms)
	RebuildCommonClasses (27ms)
	RebuildNativeTypeToScriptingClass (14ms)
	initialDomainReloadingComplete (28ms)
	LoadAllAssembliesAndSetupDomain (402ms)
		LoadAssemblies (335ms)
		RebuildTransferFunctionScriptingTraits (0ms)
		AnalyzeDomain (143ms)
			TypeCache.Refresh (6ms)
				TypeCache.ScanAssembly (0ms)
			BuildScriptInfoCaches (124ms)
			ResolveRequiredComponents (9ms)
	FinalizeReload (704ms)
		ReleaseScriptCaches (0ms)
		RebuildScriptCaches (0ms)
		SetupLoadedEditorAssemblies (517ms)
			LogAssemblyErrors (0ms)
			InitializePlatformSupportModulesInManaged (14ms)
			SetLoadedEditorAssemblies (3ms)
			BeforeProcessingInitializeOnLoad (70ms)
			ProcessInitializeOnLoadAttributes (371ms)
			ProcessInitializeOnLoadMethodAttributes (57ms)
			AfterProcessingInitializeOnLoad (2ms)
			EditorAssembliesLoaded (0ms)
		ExecutionOrderSort2 (0ms)
		AwakeInstancesAfterBackupRestoration (14ms)
Refreshing native plugins compatible for Editor in 1.93 ms, found 4 plugins.
Preloading 0 native plugins for Editor in 0.00 ms.
Unloading 33 Unused Serialized files (Serialized files now loaded: 0)
Unloading 6860 unused Assets / (5.7 MB). Loaded Objects now: 7573.
Memory consumption went from 187.0 MB to 181.4 MB.
Total: 7.904800 ms (FindLiveObjects: 0.591900 ms CreateObjectMapping: 0.508900 ms MarkObjects: 4.078500 ms  DeleteObjects: 2.724500 ms)

Prepare: number of updated asset objects reloaded= 0
