Using pre-set license
Built from '2023.2/china_unity/20f1' branch; Version is '2023.2.20f1c1 (ceda3f59bbc9) revision 13556287'; Using compiler version '193431935'; Build Type 'Release'
OS: 'Windows 11  (10.0.26100) 64bit CoreCountrySpecific' Language: 'zh' Physical Memory: 32499 MB
BatchMode: 1, IsHumanControllingUs: 0, StartBugReporterOnCrash: 0, Is64bit: 1, IsPro: 1

COMMAND LINE ARGUMENTS:
E:\UnityÁºñËæëÂô®\2023.2.20f1c1\Editor\Unity.exe
-adb2
-batchMode
-noUpm
-name
AssetImportWorker0
-projectPath
D:/Ê°åÈù¢/Survivorgit/Survivor2D
-logFile
Logs/AssetImportWorker0.log
-srvPort
49244
-job-worker-count
7
-background-job-worker-count
8
-asset-garbage-collectors
1
Successfully changed project path to: D:/Ê°åÈù¢/Survivorgit/Survivor2D
D:/Ê°åÈù¢/Survivorgit/Survivor2D
[UnityMemory] Configuration Parameters - Can be set up in boot.config
    "memorysetup-bucket-allocator-granularity=16"
    "memorysetup-bucket-allocator-bucket-count=8"
    "memorysetup-bucket-allocator-block-size=33554432"
    "memorysetup-bucket-allocator-block-count=8"
    "memorysetup-main-allocator-block-size=16777216"
    "memorysetup-thread-allocator-block-size=16777216"
    "memorysetup-gfx-main-allocator-block-size=16777216"
    "memorysetup-gfx-thread-allocator-block-size=16777216"
    "memorysetup-cache-allocator-block-size=4194304"
    "memorysetup-typetree-allocator-block-size=2097152"
    "memorysetup-profiler-bucket-allocator-granularity=16"
    "memorysetup-profiler-bucket-allocator-bucket-count=8"
    "memorysetup-profiler-bucket-allocator-block-size=33554432"
    "memorysetup-profiler-bucket-allocator-block-count=8"
    "memorysetup-profiler-allocator-block-size=16777216"
    "memorysetup-profiler-editor-allocator-block-size=1048576"
    "memorysetup-temp-allocator-size-main=16777216"
    "memorysetup-job-temp-allocator-block-size=2097152"
    "memorysetup-job-temp-allocator-block-size-background=1048576"
    "memorysetup-job-temp-allocator-reduction-small-platforms=262144"
    "memorysetup-allocator-temp-initial-block-size-main=262144"
    "memorysetup-allocator-temp-initial-block-size-worker=262144"
    "memorysetup-temp-allocator-size-background-worker=32768"
    "memorysetup-temp-allocator-size-job-worker=262144"
    "memorysetup-temp-allocator-size-preload-manager=33554432"
    "memorysetup-temp-allocator-size-nav-mesh-worker=65536"
    "memorysetup-temp-allocator-size-audio-worker=65536"
    "memorysetup-temp-allocator-size-cloud-worker=32768"
    "memorysetup-temp-allocator-size-gi-baking-worker=262144"
    "memorysetup-temp-allocator-size-gi-baking-worker=262144"
    "memorysetup-temp-allocator-size-gi-baking-worker=262144"
    "memorysetup-temp-allocator-size-gi-baking-worker=262144"
    "memorysetup-temp-allocator-size-gfx=262144"
Player connection [18032] Host "[IP] 10.161.16.78 [Port] 0 [Flags] 2 [Guid] 2539578569 [EditorId] 2539578569 [Version] 1048832 [Id] WindowsEditor(7,afµƒÃ˙∏Ì¥Ò) [Debug] 1 [PackageName] WindowsEditor [ProjectName] Editor" joined multi-casting on [225.0.0.222:54997]...
Player connection [18032] Host "[IP] 10.161.16.78 [Port] 0 [Flags] 2 [Guid] 2539578569 [EditorId] 2539578569 [Version] 1048832 [Id] WindowsEditor(7,afµƒÃ˙∏Ì¥Ò) [Debug] 1 [PackageName] WindowsEditor [ProjectName] Editor" joined alternative multi-casting on [225.0.0.222:34997]...
JobSystem: Creating JobQueue using job-worker-count value 7
[Physics::Module] Initialized MultithreadedJobDispatcher with 7 workers.
Library Redirect Path: Library/
Refreshing native plugins compatible for Editor in 3.28 ms, found 4 plugins.
Preloading 0 native plugins for Editor in 0.00 ms.
Initialize engine version: 2023.2.20f1c1 (ceda3f59bbc9)
[Subsystems] Discovering subsystems at path E:/UnityÁºñËæëÂô®/2023.2.20f1c1/Editor/Data/Resources/UnitySubsystems
[Subsystems] Discovering subsystems at path D:/Ê°åÈù¢/Survivorgit/Survivor2D/Assets
GfxDevice: creating device client; kGfxThreadingModeNonThreaded
Direct3D:
    Version:  Direct3D 11.0 [level 11.1]
    Renderer: NVIDIA GeForce RTX 4060 Laptop GPU (ID=0x28a0)
    Vendor:   NVIDIA
    VRAM:     7957 MB
    Driver:   32.0.15.8088
Initialize mono
Mono path[0] = 'E:/UnityÁºñËæëÂô®/2023.2.20f1c1/Editor/Data/Managed'
Mono path[1] = 'E:/UnityÁºñËæëÂô®/2023.2.20f1c1/Editor/Data/MonoBleedingEdge/lib/mono/unityjit-win32'
Mono config path = 'E:/UnityÁºñËæëÂô®/2023.2.20f1c1/Editor/Data/MonoBleedingEdge/etc'
Using monoOptions --debugger-agent=transport=dt_socket,embedding=1,server=y,suspend=n,address=127.0.0.1:56148
Begin MonoManager ReloadAssembly
Registering precompiled unity dll's ...
Register platform support module: E:/UnityÁºñËæëÂô®/2023.2.20f1c1/Editor/Data/PlaybackEngines/WindowsStandaloneSupport/UnityEditor.WindowsStandalone.Extensions.dll
Register platform support module: E:/UnityÁºñËæëÂô®/2023.2.20f1c1/Editor/Data/PlaybackEngines/AndroidPlayer/UnityEditor.Android.Extensions.dll
Registered in 0.007356 seconds.
- Loaded All Assemblies, in  0.355 seconds
Native extension for Android target not found
Android Extension - Scanning For ADB Devices 1354 ms
Native extension for WindowsStandalone target not found
Mono: successfully reloaded assembly
- Finished resetting the current domain, in  1.646 seconds
Domain Reload Profiling: 2000ms
	BeginReloadAssembly (110ms)
		ExecutionOrderSort (0ms)
		DisableScriptedObjects (0ms)
		BackupInstance (0ms)
		ReleaseScriptingObjects (0ms)
		CreateAndSetChildDomain (1ms)
	RebuildCommonClasses (31ms)
	RebuildNativeTypeToScriptingClass (11ms)
	initialDomainReloadingComplete (57ms)
	LoadAllAssembliesAndSetupDomain (143ms)
		LoadAssemblies (109ms)
		RebuildTransferFunctionScriptingTraits (0ms)
		AnalyzeDomain (141ms)
			TypeCache.Refresh (139ms)
				TypeCache.ScanAssembly (129ms)
			BuildScriptInfoCaches (0ms)
			ResolveRequiredComponents (0ms)
	FinalizeReload (1647ms)
		ReleaseScriptCaches (0ms)
		RebuildScriptCaches (0ms)
		SetupLoadedEditorAssemblies (1600ms)
			LogAssemblyErrors (0ms)
			InitializePlatformSupportModulesInManaged (1441ms)
			SetLoadedEditorAssemblies (3ms)
			BeforeProcessingInitializeOnLoad (4ms)
			ProcessInitializeOnLoadAttributes (115ms)
			ProcessInitializeOnLoadMethodAttributes (37ms)
			AfterProcessingInitializeOnLoad (0ms)
			EditorAssembliesLoaded (0ms)
		ExecutionOrderSort2 (0ms)
		AwakeInstancesAfterBackupRestoration (0ms)
========================================================================
Worker process is ready to serve import requests
Import Worker Mode flag is 0x00
Begin MonoManager ReloadAssembly
Symbol file LoadedFromMemory doesn't match image D:\Ê°åÈù¢\Survivorgit\Survivor2D\Library\PackageCache\com.unity.visualscripting@1.8.0\Editor\VisualScripting.Core\Dependencies\YamlDotNet\Unity.VisualScripting.YamlDotNet.dll
Symbol file LoadedFromMemory doesn't match image D:\Ê°åÈù¢\Survivorgit\Survivor2D\Library\PackageCache\com.unity.visualscripting@1.8.0\Editor\VisualScripting.Core\Dependencies\DotNetZip\Unity.VisualScripting.IonicZip.dll
- Loaded All Assemblies, in  0.859 seconds
'Assets/QFramework/Toolkits/_CoreKit/GraphKit/IMGUI/Scripts/IMGUISceneGraph.cs' contains partial class of Unity.Object, exactly 1 of the partial classes needs to be in a file with the same filename. This is to know the one that can be referenced from ie. GameObjects
'Assets/QFramework/Toolkits/_CoreKit/GraphKit/IMGUI/Scripts/IMGUISceneGraph.cs' contains partial class of Unity.Object, exactly 1 of the partial classes needs to be in a file with the same filename. This is to know the one that can be referenced from ie. GameObjects
'Assets/QFramework/Toolkits/_CoreKit/GraphKit/IMGUI/Scripts/Editor/IMGUIGraphWindow.cs' contains partial class of Unity.Object, exactly 1 of the partial classes needs to be in a file with the same filename. This is to know the one that can be referenced from ie. GameObjects
'Assets/QFramework/Toolkits/_CoreKit/GraphKit/IMGUI/Scripts/Editor/IMGUIGraphEditorGUI.cs' contains partial class of Unity.Object, exactly 1 of the partial classes needs to be in a file with the same filename. This is to know the one that can be referenced from ie. GameObjects
'Assets/QFramework/Toolkits/_CoreKit/GraphKit/IMGUI/Scripts/Editor/IMGUIGraphEditorAction.cs' contains partial class of Unity.Object, exactly 1 of the partial classes needs to be in a file with the same filename. This is to know the one that can be referenced from ie. GameObjects
Refreshing native plugins compatible for Editor in 1.46 ms, found 4 plugins.
Native extension for Android target not found
Native extension for WindowsStandalone target not found
Refreshing native plugins compatible for Editor in 2.05 ms, found 4 plugins.
Mono: successfully reloaded assembly
- Finished resetting the current domain, in  0.750 seconds
Domain Reload Profiling: 1601ms
	BeginReloadAssembly (296ms)
		ExecutionOrderSort (0ms)
		DisableScriptedObjects (4ms)
		BackupInstance (0ms)
		ReleaseScriptingObjects (0ms)
		CreateAndSetChildDomain (24ms)
	RebuildCommonClasses (32ms)
	RebuildNativeTypeToScriptingClass (9ms)
	initialDomainReloadingComplete (32ms)
	LoadAllAssembliesAndSetupDomain (482ms)
		LoadAssemblies (344ms)
		RebuildTransferFunctionScriptingTraits (0ms)
		AnalyzeDomain (218ms)
			TypeCache.Refresh (168ms)
				TypeCache.ScanAssembly (154ms)
			BuildScriptInfoCaches (36ms)
			ResolveRequiredComponents (9ms)
	FinalizeReload (750ms)
		ReleaseScriptCaches (0ms)
		RebuildScriptCaches (0ms)
		SetupLoadedEditorAssemblies (559ms)
			LogAssemblyErrors (0ms)
			InitializePlatformSupportModulesInManaged (17ms)
			SetLoadedEditorAssemblies (2ms)
			BeforeProcessingInitializeOnLoad (64ms)
			ProcessInitializeOnLoadAttributes (411ms)
			ProcessInitializeOnLoadMethodAttributes (62ms)
			AfterProcessingInitializeOnLoad (2ms)
			EditorAssembliesLoaded (0ms)
		ExecutionOrderSort2 (0ms)
		AwakeInstancesAfterBackupRestoration (6ms)
Launched and connected shader compiler UnityShaderCompiler.exe after 0.02 seconds
Refreshing native plugins compatible for Editor in 1.55 ms, found 4 plugins.
Preloading 0 native plugins for Editor in 0.00 ms.
Unloading 170 Unused Serialized files (Serialized files now loaded: 0)
Unloading 6866 unused Assets / (6.9 MB). Loaded Objects now: 7526.
Memory consumption went from 176.8 MB to 169.9 MB.
Total: 7.891100 ms (FindLiveObjects: 0.507600 ms CreateObjectMapping: 0.454900 ms MarkObjects: 4.134200 ms  DeleteObjects: 2.793500 ms)

========================================================================
Received Prepare
Begin MonoManager ReloadAssembly
Symbol file LoadedFromMemory doesn't match image D:\Ê°åÈù¢\Survivorgit\Survivor2D\Library\PackageCache\com.unity.visualscripting@1.8.0\Editor\VisualScripting.Core\Dependencies\YamlDotNet\Unity.VisualScripting.YamlDotNet.dll
Symbol file LoadedFromMemory doesn't match image D:\Ê°åÈù¢\Survivorgit\Survivor2D\Library\PackageCache\com.unity.visualscripting@1.8.0\Editor\VisualScripting.Core\Dependencies\DotNetZip\Unity.VisualScripting.IonicZip.dll
- Loaded All Assemblies, in  0.657 seconds
'Assets/QFramework/Toolkits/_CoreKit/GraphKit/IMGUI/Scripts/IMGUISceneGraph.cs' contains partial class of Unity.Object, exactly 1 of the partial classes needs to be in a file with the same filename. This is to know the one that can be referenced from ie. GameObjects
'Assets/QFramework/Toolkits/_CoreKit/GraphKit/IMGUI/Scripts/IMGUISceneGraph.cs' contains partial class of Unity.Object, exactly 1 of the partial classes needs to be in a file with the same filename. This is to know the one that can be referenced from ie. GameObjects
'Assets/QFramework/Toolkits/_CoreKit/GraphKit/IMGUI/Scripts/Editor/IMGUIGraphWindow.cs' contains partial class of Unity.Object, exactly 1 of the partial classes needs to be in a file with the same filename. This is to know the one that can be referenced from ie. GameObjects
'Assets/QFramework/Toolkits/_CoreKit/GraphKit/IMGUI/Scripts/Editor/IMGUIGraphEditorGUI.cs' contains partial class of Unity.Object, exactly 1 of the partial classes needs to be in a file with the same filename. This is to know the one that can be referenced from ie. GameObjects
'Assets/QFramework/Toolkits/_CoreKit/GraphKit/IMGUI/Scripts/Editor/IMGUIGraphEditorAction.cs' contains partial class of Unity.Object, exactly 1 of the partial classes needs to be in a file with the same filename. This is to know the one that can be referenced from ie. GameObjects
Refreshing native plugins compatible for Editor in 1.54 ms, found 4 plugins.
Native extension for Android target not found
Native extension for WindowsStandalone target not found
Mono: successfully reloaded assembly
- Finished resetting the current domain, in  0.741 seconds
Domain Reload Profiling: 1395ms
	BeginReloadAssembly (173ms)
		ExecutionOrderSort (0ms)
		DisableScriptedObjects (9ms)
		BackupInstance (0ms)
		ReleaseScriptingObjects (0ms)
		CreateAndSetChildDomain (43ms)
	RebuildCommonClasses (28ms)
	RebuildNativeTypeToScriptingClass (11ms)
	initialDomainReloadingComplete (24ms)
	LoadAllAssembliesAndSetupDomain (417ms)
		LoadAssemblies (350ms)
		RebuildTransferFunctionScriptingTraits (0ms)
		AnalyzeDomain (147ms)
			TypeCache.Refresh (6ms)
				TypeCache.ScanAssembly (0ms)
			BuildScriptInfoCaches (129ms)
			ResolveRequiredComponents (9ms)
	FinalizeReload (742ms)
		ReleaseScriptCaches (0ms)
		RebuildScriptCaches (0ms)
		SetupLoadedEditorAssemblies (549ms)
			LogAssemblyErrors (0ms)
			InitializePlatformSupportModulesInManaged (15ms)
			SetLoadedEditorAssemblies (3ms)
			BeforeProcessingInitializeOnLoad (67ms)
			ProcessInitializeOnLoadAttributes (390ms)
			ProcessInitializeOnLoadMethodAttributes (69ms)
			AfterProcessingInitializeOnLoad (4ms)
			EditorAssembliesLoaded (0ms)
		ExecutionOrderSort2 (0ms)
		AwakeInstancesAfterBackupRestoration (14ms)
Refreshing native plugins compatible for Editor in 2.53 ms, found 4 plugins.
Preloading 0 native plugins for Editor in 0.00 ms.
Unloading 38 Unused Serialized files (Serialized files now loaded: 0)
Unloading 6864 unused Assets / (7.1 MB). Loaded Objects now: 7528.
Memory consumption went from 158.1 MB to 151.0 MB.
Total: 9.851300 ms (FindLiveObjects: 0.548800 ms CreateObjectMapping: 0.496400 ms MarkObjects: 5.004700 ms  DeleteObjects: 3.800400 ms)

Prepare: number of updated asset objects reloaded= 0
========================================================================
Received Prepare
Begin MonoManager ReloadAssembly
Symbol file LoadedFromMemory doesn't match image D:\Ê°åÈù¢\Survivorgit\Survivor2D\Library\PackageCache\com.unity.visualscripting@1.8.0\Editor\VisualScripting.Core\Dependencies\YamlDotNet\Unity.VisualScripting.YamlDotNet.dll
Symbol file LoadedFromMemory doesn't match image D:\Ê°åÈù¢\Survivorgit\Survivor2D\Library\PackageCache\com.unity.visualscripting@1.8.0\Editor\VisualScripting.Core\Dependencies\DotNetZip\Unity.VisualScripting.IonicZip.dll
- Loaded All Assemblies, in  0.623 seconds
'Assets/QFramework/Toolkits/_CoreKit/GraphKit/IMGUI/Scripts/IMGUISceneGraph.cs' contains partial class of Unity.Object, exactly 1 of the partial classes needs to be in a file with the same filename. This is to know the one that can be referenced from ie. GameObjects
'Assets/QFramework/Toolkits/_CoreKit/GraphKit/IMGUI/Scripts/IMGUISceneGraph.cs' contains partial class of Unity.Object, exactly 1 of the partial classes needs to be in a file with the same filename. This is to know the one that can be referenced from ie. GameObjects
'Assets/QFramework/Toolkits/_CoreKit/GraphKit/IMGUI/Scripts/Editor/IMGUIGraphWindow.cs' contains partial class of Unity.Object, exactly 1 of the partial classes needs to be in a file with the same filename. This is to know the one that can be referenced from ie. GameObjects
'Assets/QFramework/Toolkits/_CoreKit/GraphKit/IMGUI/Scripts/Editor/IMGUIGraphEditorGUI.cs' contains partial class of Unity.Object, exactly 1 of the partial classes needs to be in a file with the same filename. This is to know the one that can be referenced from ie. GameObjects
'Assets/QFramework/Toolkits/_CoreKit/GraphKit/IMGUI/Scripts/Editor/IMGUIGraphEditorAction.cs' contains partial class of Unity.Object, exactly 1 of the partial classes needs to be in a file with the same filename. This is to know the one that can be referenced from ie. GameObjects
Refreshing native plugins compatible for Editor in 1.45 ms, found 4 plugins.
Native extension for Android target not found
Native extension for WindowsStandalone target not found
Mono: successfully reloaded assembly
- Finished resetting the current domain, in  0.706 seconds
Domain Reload Profiling: 1325ms
	BeginReloadAssembly (164ms)
		ExecutionOrderSort (0ms)
		DisableScriptedObjects (9ms)
		BackupInstance (0ms)
		ReleaseScriptingObjects (0ms)
		CreateAndSetChildDomain (39ms)
	RebuildCommonClasses (29ms)
	RebuildNativeTypeToScriptingClass (11ms)
	initialDomainReloadingComplete (22ms)
	LoadAllAssembliesAndSetupDomain (393ms)
		LoadAssemblies (326ms)
		RebuildTransferFunctionScriptingTraits (0ms)
		AnalyzeDomain (144ms)
			TypeCache.Refresh (6ms)
				TypeCache.ScanAssembly (0ms)
			BuildScriptInfoCaches (126ms)
			ResolveRequiredComponents (9ms)
	FinalizeReload (706ms)
		ReleaseScriptCaches (0ms)
		RebuildScriptCaches (0ms)
		SetupLoadedEditorAssemblies (519ms)
			LogAssemblyErrors (0ms)
			InitializePlatformSupportModulesInManaged (14ms)
			SetLoadedEditorAssemblies (2ms)
			BeforeProcessingInitializeOnLoad (60ms)
			ProcessInitializeOnLoadAttributes (368ms)
			ProcessInitializeOnLoadMethodAttributes (70ms)
			AfterProcessingInitializeOnLoad (2ms)
			EditorAssembliesLoaded (0ms)
		ExecutionOrderSort2 (0ms)
		AwakeInstancesAfterBackupRestoration (10ms)
Refreshing native plugins compatible for Editor in 2.21 ms, found 4 plugins.
Preloading 0 native plugins for Editor in 0.00 ms.
Unloading 37 Unused Serialized files (Serialized files now loaded: 0)
Unloading 6864 unused Assets / (6.6 MB). Loaded Objects now: 7528.
Memory consumption went from 161.9 MB to 155.2 MB.
Total: 8.464500 ms (FindLiveObjects: 0.594300 ms CreateObjectMapping: 0.711300 ms MarkObjects: 4.586500 ms  DeleteObjects: 2.571400 ms)

Prepare: number of updated asset objects reloaded= 0
========================================================================
Received Prepare
Begin MonoManager ReloadAssembly
Symbol file LoadedFromMemory doesn't match image D:\Ê°åÈù¢\Survivorgit\Survivor2D\Library\PackageCache\com.unity.visualscripting@1.8.0\Editor\VisualScripting.Core\Dependencies\YamlDotNet\Unity.VisualScripting.YamlDotNet.dll
Symbol file LoadedFromMemory doesn't match image D:\Ê°åÈù¢\Survivorgit\Survivor2D\Library\PackageCache\com.unity.visualscripting@1.8.0\Editor\VisualScripting.Core\Dependencies\DotNetZip\Unity.VisualScripting.IonicZip.dll
- Loaded All Assemblies, in  0.624 seconds
'Assets/QFramework/Toolkits/_CoreKit/GraphKit/IMGUI/Scripts/IMGUISceneGraph.cs' contains partial class of Unity.Object, exactly 1 of the partial classes needs to be in a file with the same filename. This is to know the one that can be referenced from ie. GameObjects
'Assets/QFramework/Toolkits/_CoreKit/GraphKit/IMGUI/Scripts/IMGUISceneGraph.cs' contains partial class of Unity.Object, exactly 1 of the partial classes needs to be in a file with the same filename. This is to know the one that can be referenced from ie. GameObjects
'Assets/QFramework/Toolkits/_CoreKit/GraphKit/IMGUI/Scripts/Editor/IMGUIGraphWindow.cs' contains partial class of Unity.Object, exactly 1 of the partial classes needs to be in a file with the same filename. This is to know the one that can be referenced from ie. GameObjects
'Assets/QFramework/Toolkits/_CoreKit/GraphKit/IMGUI/Scripts/Editor/IMGUIGraphEditorGUI.cs' contains partial class of Unity.Object, exactly 1 of the partial classes needs to be in a file with the same filename. This is to know the one that can be referenced from ie. GameObjects
'Assets/QFramework/Toolkits/_CoreKit/GraphKit/IMGUI/Scripts/Editor/IMGUIGraphEditorAction.cs' contains partial class of Unity.Object, exactly 1 of the partial classes needs to be in a file with the same filename. This is to know the one that can be referenced from ie. GameObjects
Refreshing native plugins compatible for Editor in 1.55 ms, found 4 plugins.
Native extension for Android target not found
Native extension for WindowsStandalone target not found
Mono: successfully reloaded assembly
- Finished resetting the current domain, in  0.742 seconds
Domain Reload Profiling: 1363ms
	BeginReloadAssembly (164ms)
		ExecutionOrderSort (0ms)
		DisableScriptedObjects (9ms)
		BackupInstance (0ms)
		ReleaseScriptingObjects (0ms)
		CreateAndSetChildDomain (45ms)
	RebuildCommonClasses (26ms)
	RebuildNativeTypeToScriptingClass (15ms)
	initialDomainReloadingComplete (21ms)
	LoadAllAssembliesAndSetupDomain (394ms)
		LoadAssemblies (315ms)
		RebuildTransferFunctionScriptingTraits (0ms)
		AnalyzeDomain (151ms)
			TypeCache.Refresh (6ms)
				TypeCache.ScanAssembly (0ms)
			BuildScriptInfoCaches (133ms)
			ResolveRequiredComponents (9ms)
	FinalizeReload (742ms)
		ReleaseScriptCaches (0ms)
		RebuildScriptCaches (0ms)
		SetupLoadedEditorAssemblies (560ms)
			LogAssemblyErrors (0ms)
			InitializePlatformSupportModulesInManaged (14ms)
			SetLoadedEditorAssemblies (3ms)
			BeforeProcessingInitializeOnLoad (67ms)
			ProcessInitializeOnLoadAttributes (400ms)
			ProcessInitializeOnLoadMethodAttributes (72ms)
			AfterProcessingInitializeOnLoad (3ms)
			EditorAssembliesLoaded (0ms)
		ExecutionOrderSort2 (0ms)
		AwakeInstancesAfterBackupRestoration (13ms)
Refreshing native plugins compatible for Editor in 2.75 ms, found 4 plugins.
Preloading 0 native plugins for Editor in 0.00 ms.
Unloading 37 Unused Serialized files (Serialized files now loaded: 0)
Unloading 6864 unused Assets / (7.0 MB). Loaded Objects now: 7528.
Memory consumption went from 163.8 MB to 156.7 MB.
Total: 9.325900 ms (FindLiveObjects: 0.617400 ms CreateObjectMapping: 0.593200 ms MarkObjects: 4.776900 ms  DeleteObjects: 3.337400 ms)

Prepare: number of updated asset objects reloaded= 0
========================================================================
Received Import Request.
  Time since last request: 444789.164816 seconds.
  path: Assets/Art/Prefab/Enemy/EnemyA.prefab
  artifactKey: Guid(4714ab9796c8f0347b383f3087b22de2) Importer(815301076,1909f56bfc062723c751e8b465ee728b)
Start importing Assets/Art/Prefab/Enemy/EnemyA.prefab using Guid(4714ab9796c8f0347b383f3087b22de2) Importer(815301076,1909f56bfc062723c751e8b465ee728b) (PreviewImporter) -> (artifact id: '8bc673b34148ea3b9d9200240814f595') in 0.2391323 seconds
Number of updated asset objects reloaded before import = 0Number of asset objects unloaded after import = 40

========================================================================
Received Import Request.
  Time since last request: 44.714495 seconds.
  path: Assets/Art/Prefab/Enemy/EnemyD.prefab
  artifactKey: Guid(b42feb2c922b4ac439aecfc8408e0c8b) Importer(815301076,1909f56bfc062723c751e8b465ee728b)
Start importing Assets/Art/Prefab/Enemy/EnemyD.prefab using Guid(b42feb2c922b4ac439aecfc8408e0c8b) Importer(815301076,1909f56bfc062723c751e8b465ee728b) (PreviewImporter) -> (artifact id: '4147c9f2b5e5dfdd4576dfa513091bc7') in 0.0085381 seconds
Number of updated asset objects reloaded before import = 0Number of asset objects unloaded after import = 27

========================================================================
Received Import Request.
  Time since last request: 21.030790 seconds.
  path: Assets/Art/Prefab/Enemy/EnemyEBoss.prefab
  artifactKey: Guid(e95d541aa3b55da4ab9d9834ea0ea974) Importer(815301076,1909f56bfc062723c751e8b465ee728b)
Start importing Assets/Art/Prefab/Enemy/EnemyEBoss.prefab using Guid(e95d541aa3b55da4ab9d9834ea0ea974) Importer(815301076,1909f56bfc062723c751e8b465ee728b) (PreviewImporter) -> (artifact id: 'cde606fc9e1fec05aeddb1e3e8e53c0a') in 0.0084014 seconds
Number of updated asset objects reloaded before import = 0Number of asset objects unloaded after import = 30

========================================================================
Received Import Request.
  Time since last request: 11.973839 seconds.
  path: Assets/Art/Prefab/Enemy/EnemyEBoss.prefab
  artifactKey: Guid(e95d541aa3b55da4ab9d9834ea0ea974) Importer(815301076,1909f56bfc062723c751e8b465ee728b)
Start importing Assets/Art/Prefab/Enemy/EnemyEBoss.prefab using Guid(e95d541aa3b55da4ab9d9834ea0ea974) Importer(815301076,1909f56bfc062723c751e8b465ee728b) (PreviewImporter) -> (artifact id: '6e7a26b42e69640fe2a2cacb0269f661') in 0.0111849 seconds
Number of updated asset objects reloaded before import = 0Number of asset objects unloaded after import = 30

========================================================================
Received Prepare
'Assets/QFramework/Toolkits/_CoreKit/GraphKit/IMGUI/Scripts/IMGUISceneGraph.cs' contains partial class of Unity.Object, exactly 1 of the partial classes needs to be in a file with the same filename. This is to know the one that can be referenced from ie. GameObjects
'Assets/QFramework/Toolkits/_CoreKit/GraphKit/IMGUI/Scripts/IMGUISceneGraph.cs' contains partial class of Unity.Object, exactly 1 of the partial classes needs to be in a file with the same filename. This is to know the one that can be referenced from ie. GameObjects
'Assets/QFramework/Toolkits/_CoreKit/GraphKit/IMGUI/Scripts/Editor/IMGUIGraphWindow.cs' contains partial class of Unity.Object, exactly 1 of the partial classes needs to be in a file with the same filename. This is to know the one that can be referenced from ie. GameObjects
'Assets/QFramework/Toolkits/_CoreKit/GraphKit/IMGUI/Scripts/Editor/IMGUIGraphEditorGUI.cs' contains partial class of Unity.Object, exactly 1 of the partial classes needs to be in a file with the same filename. This is to know the one that can be referenced from ie. GameObjects
'Assets/QFramework/Toolkits/_CoreKit/GraphKit/IMGUI/Scripts/Editor/IMGUIGraphEditorAction.cs' contains partial class of Unity.Object, exactly 1 of the partial classes needs to be in a file with the same filename. This is to know the one that can be referenced from ie. GameObjects
Refreshing native plugins compatible for Editor in 1.99 ms, found 4 plugins.
Preloading 0 native plugins for Editor in 0.00 ms.
Unloading 36 Unused Serialized files (Serialized files now loaded: 0)
Unloading 6856 unused Assets / (6.3 MB). Loaded Objects now: 7623.
Memory consumption went from 164.1 MB to 157.8 MB.
Total: 12.853500 ms (FindLiveObjects: 0.730100 ms CreateObjectMapping: 0.891200 ms MarkObjects: 8.002500 ms  DeleteObjects: 3.227700 ms)

Prepare: number of updated asset objects reloaded= 0
========================================================================
Received Prepare
'Assets/QFramework/Toolkits/_CoreKit/GraphKit/IMGUI/Scripts/IMGUISceneGraph.cs' contains partial class of Unity.Object, exactly 1 of the partial classes needs to be in a file with the same filename. This is to know the one that can be referenced from ie. GameObjects
'Assets/QFramework/Toolkits/_CoreKit/GraphKit/IMGUI/Scripts/IMGUISceneGraph.cs' contains partial class of Unity.Object, exactly 1 of the partial classes needs to be in a file with the same filename. This is to know the one that can be referenced from ie. GameObjects
'Assets/QFramework/Toolkits/_CoreKit/GraphKit/IMGUI/Scripts/Editor/IMGUIGraphWindow.cs' contains partial class of Unity.Object, exactly 1 of the partial classes needs to be in a file with the same filename. This is to know the one that can be referenced from ie. GameObjects
'Assets/QFramework/Toolkits/_CoreKit/GraphKit/IMGUI/Scripts/Editor/IMGUIGraphEditorGUI.cs' contains partial class of Unity.Object, exactly 1 of the partial classes needs to be in a file with the same filename. This is to know the one that can be referenced from ie. GameObjects
'Assets/QFramework/Toolkits/_CoreKit/GraphKit/IMGUI/Scripts/Editor/IMGUIGraphEditorAction.cs' contains partial class of Unity.Object, exactly 1 of the partial classes needs to be in a file with the same filename. This is to know the one that can be referenced from ie. GameObjects
Refreshing native plugins compatible for Editor in 2.75 ms, found 4 plugins.
Preloading 0 native plugins for Editor in 0.00 ms.
Unloading 37 Unused Serialized files (Serialized files now loaded: 0)
Unloading 6855 unused Assets / (6.5 MB). Loaded Objects now: 7623.
Memory consumption went from 164.4 MB to 157.8 MB.
Total: 12.242800 ms (FindLiveObjects: 0.690500 ms CreateObjectMapping: 0.887100 ms MarkObjects: 7.234300 ms  DeleteObjects: 3.429400 ms)

Prepare: number of updated asset objects reloaded= 0
========================================================================
Received Prepare
Begin MonoManager ReloadAssembly
Symbol file LoadedFromMemory doesn't match image D:\Ê°åÈù¢\Survivorgit\Survivor2D\Library\PackageCache\com.unity.visualscripting@1.8.0\Editor\VisualScripting.Core\Dependencies\YamlDotNet\Unity.VisualScripting.YamlDotNet.dll
Symbol file LoadedFromMemory doesn't match image D:\Ê°åÈù¢\Survivorgit\Survivor2D\Library\PackageCache\com.unity.visualscripting@1.8.0\Editor\VisualScripting.Core\Dependencies\DotNetZip\Unity.VisualScripting.IonicZip.dll
- Loaded All Assemblies, in  0.720 seconds
'Assets/QFramework/Toolkits/_CoreKit/GraphKit/IMGUI/Scripts/IMGUISceneGraph.cs' contains partial class of Unity.Object, exactly 1 of the partial classes needs to be in a file with the same filename. This is to know the one that can be referenced from ie. GameObjects
'Assets/QFramework/Toolkits/_CoreKit/GraphKit/IMGUI/Scripts/IMGUISceneGraph.cs' contains partial class of Unity.Object, exactly 1 of the partial classes needs to be in a file with the same filename. This is to know the one that can be referenced from ie. GameObjects
'Assets/QFramework/Toolkits/_CoreKit/GraphKit/IMGUI/Scripts/Editor/IMGUIGraphWindow.cs' contains partial class of Unity.Object, exactly 1 of the partial classes needs to be in a file with the same filename. This is to know the one that can be referenced from ie. GameObjects
'Assets/QFramework/Toolkits/_CoreKit/GraphKit/IMGUI/Scripts/Editor/IMGUIGraphEditorGUI.cs' contains partial class of Unity.Object, exactly 1 of the partial classes needs to be in a file with the same filename. This is to know the one that can be referenced from ie. GameObjects
'Assets/QFramework/Toolkits/_CoreKit/GraphKit/IMGUI/Scripts/Editor/IMGUIGraphEditorAction.cs' contains partial class of Unity.Object, exactly 1 of the partial classes needs to be in a file with the same filename. This is to know the one that can be referenced from ie. GameObjects
Refreshing native plugins compatible for Editor in 1.95 ms, found 4 plugins.
Native extension for Android target not found
Native extension for WindowsStandalone target not found
Mono: successfully reloaded assembly
- Finished resetting the current domain, in  0.714 seconds
Domain Reload Profiling: 1431ms
	BeginReloadAssembly (198ms)
		ExecutionOrderSort (0ms)
		DisableScriptedObjects (15ms)
		BackupInstance (0ms)
		ReleaseScriptingObjects (0ms)
		CreateAndSetChildDomain (54ms)
	RebuildCommonClasses (26ms)
	RebuildNativeTypeToScriptingClass (11ms)
	initialDomainReloadingComplete (25ms)
	LoadAllAssembliesAndSetupDomain (456ms)
		LoadAssemblies (365ms)
		RebuildTransferFunctionScriptingTraits (0ms)
		AnalyzeDomain (176ms)
			TypeCache.Refresh (10ms)
				TypeCache.ScanAssembly (1ms)
			BuildScriptInfoCaches (154ms)
			ResolveRequiredComponents (9ms)
	FinalizeReload (714ms)
		ReleaseScriptCaches (0ms)
		RebuildScriptCaches (0ms)
		SetupLoadedEditorAssemblies (518ms)
			LogAssemblyErrors (0ms)
			InitializePlatformSupportModulesInManaged (16ms)
			SetLoadedEditorAssemblies (3ms)
			BeforeProcessingInitializeOnLoad (64ms)
			ProcessInitializeOnLoadAttributes (368ms)
			ProcessInitializeOnLoadMethodAttributes (63ms)
			AfterProcessingInitializeOnLoad (4ms)
			EditorAssembliesLoaded (0ms)
		ExecutionOrderSort2 (0ms)
		AwakeInstancesAfterBackupRestoration (11ms)
Refreshing native plugins compatible for Editor in 1.97 ms, found 4 plugins.
Preloading 0 native plugins for Editor in 0.00 ms.
Unloading 46 Unused Serialized files (Serialized files now loaded: 0)
Unloading 6860 unused Assets / (6.2 MB). Loaded Objects now: 7573.
Memory consumption went from 174.0 MB to 167.8 MB.
Total: 8.333400 ms (FindLiveObjects: 0.523800 ms CreateObjectMapping: 0.496200 ms MarkObjects: 4.391800 ms  DeleteObjects: 2.920400 ms)

Prepare: number of updated asset objects reloaded= 0
========================================================================
Received Prepare
Begin MonoManager ReloadAssembly
Symbol file LoadedFromMemory doesn't match image D:\Ê°åÈù¢\Survivorgit\Survivor2D\Library\PackageCache\com.unity.visualscripting@1.8.0\Editor\VisualScripting.Core\Dependencies\YamlDotNet\Unity.VisualScripting.YamlDotNet.dll
Symbol file LoadedFromMemory doesn't match image D:\Ê°åÈù¢\Survivorgit\Survivor2D\Library\PackageCache\com.unity.visualscripting@1.8.0\Editor\VisualScripting.Core\Dependencies\DotNetZip\Unity.VisualScripting.IonicZip.dll
- Loaded All Assemblies, in  0.721 seconds
'Assets/QFramework/Toolkits/_CoreKit/GraphKit/IMGUI/Scripts/IMGUISceneGraph.cs' contains partial class of Unity.Object, exactly 1 of the partial classes needs to be in a file with the same filename. This is to know the one that can be referenced from ie. GameObjects
'Assets/QFramework/Toolkits/_CoreKit/GraphKit/IMGUI/Scripts/IMGUISceneGraph.cs' contains partial class of Unity.Object, exactly 1 of the partial classes needs to be in a file with the same filename. This is to know the one that can be referenced from ie. GameObjects
'Assets/QFramework/Toolkits/_CoreKit/GraphKit/IMGUI/Scripts/Editor/IMGUIGraphWindow.cs' contains partial class of Unity.Object, exactly 1 of the partial classes needs to be in a file with the same filename. This is to know the one that can be referenced from ie. GameObjects
'Assets/QFramework/Toolkits/_CoreKit/GraphKit/IMGUI/Scripts/Editor/IMGUIGraphEditorGUI.cs' contains partial class of Unity.Object, exactly 1 of the partial classes needs to be in a file with the same filename. This is to know the one that can be referenced from ie. GameObjects
'Assets/QFramework/Toolkits/_CoreKit/GraphKit/IMGUI/Scripts/Editor/IMGUIGraphEditorAction.cs' contains partial class of Unity.Object, exactly 1 of the partial classes needs to be in a file with the same filename. This is to know the one that can be referenced from ie. GameObjects
Refreshing native plugins compatible for Editor in 1.76 ms, found 4 plugins.
Native extension for Android target not found
Native extension for WindowsStandalone target not found
Mono: successfully reloaded assembly
- Finished resetting the current domain, in  0.709 seconds
Domain Reload Profiling: 1424ms
	BeginReloadAssembly (180ms)
		ExecutionOrderSort (0ms)
		DisableScriptedObjects (12ms)
		BackupInstance (0ms)
		ReleaseScriptingObjects (0ms)
		CreateAndSetChildDomain (44ms)
	RebuildCommonClasses (33ms)
	RebuildNativeTypeToScriptingClass (10ms)
	initialDomainReloadingComplete (28ms)
	LoadAllAssembliesAndSetupDomain (463ms)
		LoadAssemblies (398ms)
		RebuildTransferFunctionScriptingTraits (0ms)
		AnalyzeDomain (147ms)
			TypeCache.Refresh (9ms)
				TypeCache.ScanAssembly (1ms)
			BuildScriptInfoCaches (127ms)
			ResolveRequiredComponents (8ms)
	FinalizeReload (710ms)
		ReleaseScriptCaches (0ms)
		RebuildScriptCaches (0ms)
		SetupLoadedEditorAssemblies (528ms)
			LogAssemblyErrors (0ms)
			InitializePlatformSupportModulesInManaged (15ms)
			SetLoadedEditorAssemblies (3ms)
			BeforeProcessingInitializeOnLoad (64ms)
			ProcessInitializeOnLoadAttributes (369ms)
			ProcessInitializeOnLoadMethodAttributes (73ms)
			AfterProcessingInitializeOnLoad (4ms)
			EditorAssembliesLoaded (0ms)
		ExecutionOrderSort2 (0ms)
		AwakeInstancesAfterBackupRestoration (14ms)
Refreshing native plugins compatible for Editor in 2.13 ms, found 4 plugins.
Preloading 0 native plugins for Editor in 0.00 ms.
Unloading 33 Unused Serialized files (Serialized files now loaded: 0)
Unloading 6860 unused Assets / (5.9 MB). Loaded Objects now: 7573.
Memory consumption went from 173.6 MB to 167.7 MB.
Total: 9.150300 ms (FindLiveObjects: 0.886700 ms CreateObjectMapping: 0.976800 ms MarkObjects: 4.753800 ms  DeleteObjects: 2.531900 ms)

Prepare: number of updated asset objects reloaded= 0
========================================================================
Received Prepare
'Assets/QFramework/Toolkits/_CoreKit/GraphKit/IMGUI/Scripts/IMGUISceneGraph.cs' contains partial class of Unity.Object, exactly 1 of the partial classes needs to be in a file with the same filename. This is to know the one that can be referenced from ie. GameObjects
'Assets/QFramework/Toolkits/_CoreKit/GraphKit/IMGUI/Scripts/IMGUISceneGraph.cs' contains partial class of Unity.Object, exactly 1 of the partial classes needs to be in a file with the same filename. This is to know the one that can be referenced from ie. GameObjects
'Assets/QFramework/Toolkits/_CoreKit/GraphKit/IMGUI/Scripts/Editor/IMGUIGraphWindow.cs' contains partial class of Unity.Object, exactly 1 of the partial classes needs to be in a file with the same filename. This is to know the one that can be referenced from ie. GameObjects
'Assets/QFramework/Toolkits/_CoreKit/GraphKit/IMGUI/Scripts/Editor/IMGUIGraphEditorGUI.cs' contains partial class of Unity.Object, exactly 1 of the partial classes needs to be in a file with the same filename. This is to know the one that can be referenced from ie. GameObjects
'Assets/QFramework/Toolkits/_CoreKit/GraphKit/IMGUI/Scripts/Editor/IMGUIGraphEditorAction.cs' contains partial class of Unity.Object, exactly 1 of the partial classes needs to be in a file with the same filename. This is to know the one that can be referenced from ie. GameObjects
Refreshing native plugins compatible for Editor in 1.58 ms, found 4 plugins.
Preloading 0 native plugins for Editor in 0.00 ms.
Unloading 33 Unused Serialized files (Serialized files now loaded: 0)
Unloading 6851 unused Assets / (5.7 MB). Loaded Objects now: 7573.
Memory consumption went from 172.9 MB to 167.2 MB.
Total: 8.122000 ms (FindLiveObjects: 0.512100 ms CreateObjectMapping: 0.473800 ms MarkObjects: 4.987100 ms  DeleteObjects: 2.148000 ms)

Prepare: number of updated asset objects reloaded= 0
========================================================================
Received Prepare
Begin MonoManager ReloadAssembly
Symbol file LoadedFromMemory doesn't match image D:\Ê°åÈù¢\Survivorgit\Survivor2D\Library\PackageCache\com.unity.visualscripting@1.8.0\Editor\VisualScripting.Core\Dependencies\YamlDotNet\Unity.VisualScripting.YamlDotNet.dll
Symbol file LoadedFromMemory doesn't match image D:\Ê°åÈù¢\Survivorgit\Survivor2D\Library\PackageCache\com.unity.visualscripting@1.8.0\Editor\VisualScripting.Core\Dependencies\DotNetZip\Unity.VisualScripting.IonicZip.dll
- Loaded All Assemblies, in  0.675 seconds
'Assets/QFramework/Toolkits/_CoreKit/GraphKit/IMGUI/Scripts/IMGUISceneGraph.cs' contains partial class of Unity.Object, exactly 1 of the partial classes needs to be in a file with the same filename. This is to know the one that can be referenced from ie. GameObjects
'Assets/QFramework/Toolkits/_CoreKit/GraphKit/IMGUI/Scripts/IMGUISceneGraph.cs' contains partial class of Unity.Object, exactly 1 of the partial classes needs to be in a file with the same filename. This is to know the one that can be referenced from ie. GameObjects
'Assets/QFramework/Toolkits/_CoreKit/GraphKit/IMGUI/Scripts/Editor/IMGUIGraphWindow.cs' contains partial class of Unity.Object, exactly 1 of the partial classes needs to be in a file with the same filename. This is to know the one that can be referenced from ie. GameObjects
'Assets/QFramework/Toolkits/_CoreKit/GraphKit/IMGUI/Scripts/Editor/IMGUIGraphEditorGUI.cs' contains partial class of Unity.Object, exactly 1 of the partial classes needs to be in a file with the same filename. This is to know the one that can be referenced from ie. GameObjects
'Assets/QFramework/Toolkits/_CoreKit/GraphKit/IMGUI/Scripts/Editor/IMGUIGraphEditorAction.cs' contains partial class of Unity.Object, exactly 1 of the partial classes needs to be in a file with the same filename. This is to know the one that can be referenced from ie. GameObjects
Refreshing native plugins compatible for Editor in 2.14 ms, found 4 plugins.
Native extension for Android target not found
Native extension for WindowsStandalone target not found
Mono: successfully reloaded assembly
- Finished resetting the current domain, in  0.748 seconds
Domain Reload Profiling: 1418ms
	BeginReloadAssembly (175ms)
		ExecutionOrderSort (0ms)
		DisableScriptedObjects (10ms)
		BackupInstance (0ms)
		ReleaseScriptingObjects (0ms)
		CreateAndSetChildDomain (44ms)
	RebuildCommonClasses (33ms)
	RebuildNativeTypeToScriptingClass (11ms)
	initialDomainReloadingComplete (24ms)
	LoadAllAssembliesAndSetupDomain (428ms)
		LoadAssemblies (348ms)
		RebuildTransferFunctionScriptingTraits (0ms)
		AnalyzeDomain (159ms)
			TypeCache.Refresh (8ms)
				TypeCache.ScanAssembly (1ms)
			BuildScriptInfoCaches (138ms)
			ResolveRequiredComponents (9ms)
	FinalizeReload (748ms)
		ReleaseScriptCaches (0ms)
		RebuildScriptCaches (0ms)
		SetupLoadedEditorAssemblies (566ms)
			LogAssemblyErrors (0ms)
			InitializePlatformSupportModulesInManaged (17ms)
			SetLoadedEditorAssemblies (4ms)
			BeforeProcessingInitializeOnLoad (67ms)
			ProcessInitializeOnLoadAttributes (393ms)
			ProcessInitializeOnLoadMethodAttributes (78ms)
			AfterProcessingInitializeOnLoad (6ms)
			EditorAssembliesLoaded (0ms)
		ExecutionOrderSort2 (0ms)
		AwakeInstancesAfterBackupRestoration (14ms)
Refreshing native plugins compatible for Editor in 2.36 ms, found 4 plugins.
Preloading 0 native plugins for Editor in 0.00 ms.
Unloading 33 Unused Serialized files (Serialized files now loaded: 0)
Unloading 6860 unused Assets / (5.8 MB). Loaded Objects now: 7573.
Memory consumption went from 175.5 MB to 169.7 MB.
Total: 7.192400 ms (FindLiveObjects: 0.562300 ms CreateObjectMapping: 0.489200 ms MarkObjects: 3.951800 ms  DeleteObjects: 2.186600 ms)

Prepare: number of updated asset objects reloaded= 0
========================================================================
Received Prepare
'Assets/QFramework/Toolkits/_CoreKit/GraphKit/IMGUI/Scripts/IMGUISceneGraph.cs' contains partial class of Unity.Object, exactly 1 of the partial classes needs to be in a file with the same filename. This is to know the one that can be referenced from ie. GameObjects
'Assets/QFramework/Toolkits/_CoreKit/GraphKit/IMGUI/Scripts/IMGUISceneGraph.cs' contains partial class of Unity.Object, exactly 1 of the partial classes needs to be in a file with the same filename. This is to know the one that can be referenced from ie. GameObjects
'Assets/QFramework/Toolkits/_CoreKit/GraphKit/IMGUI/Scripts/Editor/IMGUIGraphWindow.cs' contains partial class of Unity.Object, exactly 1 of the partial classes needs to be in a file with the same filename. This is to know the one that can be referenced from ie. GameObjects
'Assets/QFramework/Toolkits/_CoreKit/GraphKit/IMGUI/Scripts/Editor/IMGUIGraphEditorGUI.cs' contains partial class of Unity.Object, exactly 1 of the partial classes needs to be in a file with the same filename. This is to know the one that can be referenced from ie. GameObjects
'Assets/QFramework/Toolkits/_CoreKit/GraphKit/IMGUI/Scripts/Editor/IMGUIGraphEditorAction.cs' contains partial class of Unity.Object, exactly 1 of the partial classes needs to be in a file with the same filename. This is to know the one that can be referenced from ie. GameObjects
Refreshing native plugins compatible for Editor in 1.79 ms, found 4 plugins.
Preloading 0 native plugins for Editor in 0.00 ms.
Unloading 33 Unused Serialized files (Serialized files now loaded: 0)
Unloading 6851 unused Assets / (6.0 MB). Loaded Objects now: 7573.
Memory consumption went from 174.9 MB to 168.8 MB.
Total: 7.817700 ms (FindLiveObjects: 0.532100 ms CreateObjectMapping: 0.481600 ms MarkObjects: 4.428800 ms  DeleteObjects: 2.374300 ms)

Prepare: number of updated asset objects reloaded= 0
========================================================================
Received Prepare
Begin MonoManager ReloadAssembly
Symbol file LoadedFromMemory doesn't match image D:\Ê°åÈù¢\Survivorgit\Survivor2D\Library\PackageCache\com.unity.visualscripting@1.8.0\Editor\VisualScripting.Core\Dependencies\YamlDotNet\Unity.VisualScripting.YamlDotNet.dll
Symbol file LoadedFromMemory doesn't match image D:\Ê°åÈù¢\Survivorgit\Survivor2D\Library\PackageCache\com.unity.visualscripting@1.8.0\Editor\VisualScripting.Core\Dependencies\DotNetZip\Unity.VisualScripting.IonicZip.dll
- Loaded All Assemblies, in  0.661 seconds
'Assets/QFramework/Toolkits/_CoreKit/GraphKit/IMGUI/Scripts/IMGUISceneGraph.cs' contains partial class of Unity.Object, exactly 1 of the partial classes needs to be in a file with the same filename. This is to know the one that can be referenced from ie. GameObjects
'Assets/QFramework/Toolkits/_CoreKit/GraphKit/IMGUI/Scripts/IMGUISceneGraph.cs' contains partial class of Unity.Object, exactly 1 of the partial classes needs to be in a file with the same filename. This is to know the one that can be referenced from ie. GameObjects
'Assets/QFramework/Toolkits/_CoreKit/GraphKit/IMGUI/Scripts/Editor/IMGUIGraphWindow.cs' contains partial class of Unity.Object, exactly 1 of the partial classes needs to be in a file with the same filename. This is to know the one that can be referenced from ie. GameObjects
'Assets/QFramework/Toolkits/_CoreKit/GraphKit/IMGUI/Scripts/Editor/IMGUIGraphEditorGUI.cs' contains partial class of Unity.Object, exactly 1 of the partial classes needs to be in a file with the same filename. This is to know the one that can be referenced from ie. GameObjects
'Assets/QFramework/Toolkits/_CoreKit/GraphKit/IMGUI/Scripts/Editor/IMGUIGraphEditorAction.cs' contains partial class of Unity.Object, exactly 1 of the partial classes needs to be in a file with the same filename. This is to know the one that can be referenced from ie. GameObjects
Refreshing native plugins compatible for Editor in 1.57 ms, found 4 plugins.
Native extension for Android target not found
Native extension for WindowsStandalone target not found
Mono: successfully reloaded assembly
- Finished resetting the current domain, in  0.724 seconds
Domain Reload Profiling: 1383ms
	BeginReloadAssembly (168ms)
		ExecutionOrderSort (0ms)
		DisableScriptedObjects (10ms)
		BackupInstance (0ms)
		ReleaseScriptingObjects (0ms)
		CreateAndSetChildDomain (41ms)
	RebuildCommonClasses (33ms)
	RebuildNativeTypeToScriptingClass (10ms)
	initialDomainReloadingComplete (23ms)
	LoadAllAssembliesAndSetupDomain (424ms)
		LoadAssemblies (344ms)
		RebuildTransferFunctionScriptingTraits (0ms)
		AnalyzeDomain (155ms)
			TypeCache.Refresh (9ms)
				TypeCache.ScanAssembly (1ms)
			BuildScriptInfoCaches (132ms)
			ResolveRequiredComponents (11ms)
	FinalizeReload (724ms)
		ReleaseScriptCaches (0ms)
		RebuildScriptCaches (0ms)
		SetupLoadedEditorAssemblies (532ms)
			LogAssemblyErrors (0ms)
			InitializePlatformSupportModulesInManaged (17ms)
			SetLoadedEditorAssemblies (4ms)
			BeforeProcessingInitializeOnLoad (68ms)
			ProcessInitializeOnLoadAttributes (366ms)
			ProcessInitializeOnLoadMethodAttributes (72ms)
			AfterProcessingInitializeOnLoad (4ms)
			EditorAssembliesLoaded (0ms)
		ExecutionOrderSort2 (0ms)
		AwakeInstancesAfterBackupRestoration (12ms)
Refreshing native plugins compatible for Editor in 1.73 ms, found 4 plugins.
Preloading 0 native plugins for Editor in 0.00 ms.
Unloading 33 Unused Serialized files (Serialized files now loaded: 0)
Unloading 6860 unused Assets / (6.0 MB). Loaded Objects now: 7573.
Memory consumption went from 177.4 MB to 171.4 MB.
Total: 8.428500 ms (FindLiveObjects: 0.621900 ms CreateObjectMapping: 0.542000 ms MarkObjects: 4.613300 ms  DeleteObjects: 2.650200 ms)

Prepare: number of updated asset objects reloaded= 0
========================================================================
Received Prepare
'Assets/QFramework/Toolkits/_CoreKit/GraphKit/IMGUI/Scripts/IMGUISceneGraph.cs' contains partial class of Unity.Object, exactly 1 of the partial classes needs to be in a file with the same filename. This is to know the one that can be referenced from ie. GameObjects
'Assets/QFramework/Toolkits/_CoreKit/GraphKit/IMGUI/Scripts/IMGUISceneGraph.cs' contains partial class of Unity.Object, exactly 1 of the partial classes needs to be in a file with the same filename. This is to know the one that can be referenced from ie. GameObjects
'Assets/QFramework/Toolkits/_CoreKit/GraphKit/IMGUI/Scripts/Editor/IMGUIGraphWindow.cs' contains partial class of Unity.Object, exactly 1 of the partial classes needs to be in a file with the same filename. This is to know the one that can be referenced from ie. GameObjects
'Assets/QFramework/Toolkits/_CoreKit/GraphKit/IMGUI/Scripts/Editor/IMGUIGraphEditorGUI.cs' contains partial class of Unity.Object, exactly 1 of the partial classes needs to be in a file with the same filename. This is to know the one that can be referenced from ie. GameObjects
'Assets/QFramework/Toolkits/_CoreKit/GraphKit/IMGUI/Scripts/Editor/IMGUIGraphEditorAction.cs' contains partial class of Unity.Object, exactly 1 of the partial classes needs to be in a file with the same filename. This is to know the one that can be referenced from ie. GameObjects
Refreshing native plugins compatible for Editor in 2.39 ms, found 4 plugins.
Preloading 0 native plugins for Editor in 0.00 ms.
Unloading 33 Unused Serialized files (Serialized files now loaded: 0)
Unloading 6851 unused Assets / (5.9 MB). Loaded Objects now: 7573.
Memory consumption went from 176.8 MB to 170.9 MB.
Total: 8.487800 ms (FindLiveObjects: 0.657600 ms CreateObjectMapping: 0.416100 ms MarkObjects: 4.343600 ms  DeleteObjects: 3.068400 ms)

Prepare: number of updated asset objects reloaded= 0
========================================================================
Received Prepare
Begin MonoManager ReloadAssembly
Symbol file LoadedFromMemory doesn't match image D:\Ê°åÈù¢\Survivorgit\Survivor2D\Library\PackageCache\com.unity.visualscripting@1.8.0\Editor\VisualScripting.Core\Dependencies\YamlDotNet\Unity.VisualScripting.YamlDotNet.dll
Symbol file LoadedFromMemory doesn't match image D:\Ê°åÈù¢\Survivorgit\Survivor2D\Library\PackageCache\com.unity.visualscripting@1.8.0\Editor\VisualScripting.Core\Dependencies\DotNetZip\Unity.VisualScripting.IonicZip.dll
- Loaded All Assemblies, in  0.678 seconds
'Assets/QFramework/Toolkits/_CoreKit/GraphKit/IMGUI/Scripts/IMGUISceneGraph.cs' contains partial class of Unity.Object, exactly 1 of the partial classes needs to be in a file with the same filename. This is to know the one that can be referenced from ie. GameObjects
'Assets/QFramework/Toolkits/_CoreKit/GraphKit/IMGUI/Scripts/IMGUISceneGraph.cs' contains partial class of Unity.Object, exactly 1 of the partial classes needs to be in a file with the same filename. This is to know the one that can be referenced from ie. GameObjects
'Assets/QFramework/Toolkits/_CoreKit/GraphKit/IMGUI/Scripts/Editor/IMGUIGraphWindow.cs' contains partial class of Unity.Object, exactly 1 of the partial classes needs to be in a file with the same filename. This is to know the one that can be referenced from ie. GameObjects
'Assets/QFramework/Toolkits/_CoreKit/GraphKit/IMGUI/Scripts/Editor/IMGUIGraphEditorGUI.cs' contains partial class of Unity.Object, exactly 1 of the partial classes needs to be in a file with the same filename. This is to know the one that can be referenced from ie. GameObjects
'Assets/QFramework/Toolkits/_CoreKit/GraphKit/IMGUI/Scripts/Editor/IMGUIGraphEditorAction.cs' contains partial class of Unity.Object, exactly 1 of the partial classes needs to be in a file with the same filename. This is to know the one that can be referenced from ie. GameObjects
Refreshing native plugins compatible for Editor in 1.59 ms, found 4 plugins.
Native extension for Android target not found
Native extension for WindowsStandalone target not found
Mono: successfully reloaded assembly
- Finished resetting the current domain, in  0.696 seconds
Domain Reload Profiling: 1369ms
	BeginReloadAssembly (169ms)
		ExecutionOrderSort (0ms)
		DisableScriptedObjects (8ms)
		BackupInstance (0ms)
		ReleaseScriptingObjects (0ms)
		CreateAndSetChildDomain (37ms)
	RebuildCommonClasses (29ms)
	RebuildNativeTypeToScriptingClass (10ms)
	initialDomainReloadingComplete (26ms)
	LoadAllAssembliesAndSetupDomain (439ms)
		LoadAssemblies (361ms)
		RebuildTransferFunctionScriptingTraits (0ms)
		AnalyzeDomain (157ms)
			TypeCache.Refresh (9ms)
				TypeCache.ScanAssembly (1ms)
			BuildScriptInfoCaches (134ms)
			ResolveRequiredComponents (10ms)
	FinalizeReload (696ms)
		ReleaseScriptCaches (0ms)
		RebuildScriptCaches (0ms)
		SetupLoadedEditorAssemblies (513ms)
			LogAssemblyErrors (0ms)
			InitializePlatformSupportModulesInManaged (15ms)
			SetLoadedEditorAssemblies (3ms)
			BeforeProcessingInitializeOnLoad (62ms)
			ProcessInitializeOnLoadAttributes (368ms)
			ProcessInitializeOnLoadMethodAttributes (61ms)
			AfterProcessingInitializeOnLoad (4ms)
			EditorAssembliesLoaded (0ms)
		ExecutionOrderSort2 (0ms)
		AwakeInstancesAfterBackupRestoration (11ms)
Refreshing native plugins compatible for Editor in 1.64 ms, found 4 plugins.
Preloading 0 native plugins for Editor in 0.00 ms.
Unloading 33 Unused Serialized files (Serialized files now loaded: 0)
Unloading 6860 unused Assets / (5.8 MB). Loaded Objects now: 7573.
Memory consumption went from 179.3 MB to 173.6 MB.
Total: 7.556300 ms (FindLiveObjects: 0.524900 ms CreateObjectMapping: 0.499300 ms MarkObjects: 4.174400 ms  DeleteObjects: 2.356900 ms)

Prepare: number of updated asset objects reloaded= 0
========================================================================
Received Prepare
Begin MonoManager ReloadAssembly
Symbol file LoadedFromMemory doesn't match image D:\Ê°åÈù¢\Survivorgit\Survivor2D\Library\PackageCache\com.unity.visualscripting@1.8.0\Editor\VisualScripting.Core\Dependencies\YamlDotNet\Unity.VisualScripting.YamlDotNet.dll
Symbol file LoadedFromMemory doesn't match image D:\Ê°åÈù¢\Survivorgit\Survivor2D\Library\PackageCache\com.unity.visualscripting@1.8.0\Editor\VisualScripting.Core\Dependencies\DotNetZip\Unity.VisualScripting.IonicZip.dll
- Loaded All Assemblies, in  0.702 seconds
'Assets/QFramework/Toolkits/_CoreKit/GraphKit/IMGUI/Scripts/IMGUISceneGraph.cs' contains partial class of Unity.Object, exactly 1 of the partial classes needs to be in a file with the same filename. This is to know the one that can be referenced from ie. GameObjects
'Assets/QFramework/Toolkits/_CoreKit/GraphKit/IMGUI/Scripts/IMGUISceneGraph.cs' contains partial class of Unity.Object, exactly 1 of the partial classes needs to be in a file with the same filename. This is to know the one that can be referenced from ie. GameObjects
'Assets/QFramework/Toolkits/_CoreKit/GraphKit/IMGUI/Scripts/Editor/IMGUIGraphWindow.cs' contains partial class of Unity.Object, exactly 1 of the partial classes needs to be in a file with the same filename. This is to know the one that can be referenced from ie. GameObjects
'Assets/QFramework/Toolkits/_CoreKit/GraphKit/IMGUI/Scripts/Editor/IMGUIGraphEditorGUI.cs' contains partial class of Unity.Object, exactly 1 of the partial classes needs to be in a file with the same filename. This is to know the one that can be referenced from ie. GameObjects
'Assets/QFramework/Toolkits/_CoreKit/GraphKit/IMGUI/Scripts/Editor/IMGUIGraphEditorAction.cs' contains partial class of Unity.Object, exactly 1 of the partial classes needs to be in a file with the same filename. This is to know the one that can be referenced from ie. GameObjects
Refreshing native plugins compatible for Editor in 1.78 ms, found 4 plugins.
Native extension for Android target not found
Native extension for WindowsStandalone target not found
Mono: successfully reloaded assembly
- Finished resetting the current domain, in  0.705 seconds
Domain Reload Profiling: 1400ms
	BeginReloadAssembly (172ms)
		ExecutionOrderSort (0ms)
		DisableScriptedObjects (9ms)
		BackupInstance (0ms)
		ReleaseScriptingObjects (0ms)
		CreateAndSetChildDomain (39ms)
	RebuildCommonClasses (30ms)
	RebuildNativeTypeToScriptingClass (12ms)
	initialDomainReloadingComplete (27ms)
	LoadAllAssembliesAndSetupDomain (453ms)
		LoadAssemblies (366ms)
		RebuildTransferFunctionScriptingTraits (0ms)
		AnalyzeDomain (170ms)
			TypeCache.Refresh (11ms)
				TypeCache.ScanAssembly (1ms)
			BuildScriptInfoCaches (141ms)
			ResolveRequiredComponents (14ms)
	FinalizeReload (706ms)
		ReleaseScriptCaches (0ms)
		RebuildScriptCaches (0ms)
		SetupLoadedEditorAssemblies (536ms)
			LogAssemblyErrors (0ms)
			InitializePlatformSupportModulesInManaged (17ms)
			SetLoadedEditorAssemblies (3ms)
			BeforeProcessingInitializeOnLoad (68ms)
			ProcessInitializeOnLoadAttributes (380ms)
			ProcessInitializeOnLoadMethodAttributes (65ms)
			AfterProcessingInitializeOnLoad (2ms)
			EditorAssembliesLoaded (0ms)
		ExecutionOrderSort2 (0ms)
		AwakeInstancesAfterBackupRestoration (12ms)
Refreshing native plugins compatible for Editor in 2.27 ms, found 4 plugins.
Preloading 0 native plugins for Editor in 0.00 ms.
Unloading 33 Unused Serialized files (Serialized files now loaded: 0)
Unloading 6860 unused Assets / (6.8 MB). Loaded Objects now: 7573.
Memory consumption went from 181.2 MB to 174.5 MB.
Total: 9.026000 ms (FindLiveObjects: 0.550000 ms CreateObjectMapping: 0.510900 ms MarkObjects: 4.289500 ms  DeleteObjects: 3.674300 ms)

Prepare: number of updated asset objects reloaded= 0
========================================================================
Received Prepare
'Assets/QFramework/Toolkits/_CoreKit/GraphKit/IMGUI/Scripts/IMGUISceneGraph.cs' contains partial class of Unity.Object, exactly 1 of the partial classes needs to be in a file with the same filename. This is to know the one that can be referenced from ie. GameObjects
'Assets/QFramework/Toolkits/_CoreKit/GraphKit/IMGUI/Scripts/IMGUISceneGraph.cs' contains partial class of Unity.Object, exactly 1 of the partial classes needs to be in a file with the same filename. This is to know the one that can be referenced from ie. GameObjects
'Assets/QFramework/Toolkits/_CoreKit/GraphKit/IMGUI/Scripts/Editor/IMGUIGraphWindow.cs' contains partial class of Unity.Object, exactly 1 of the partial classes needs to be in a file with the same filename. This is to know the one that can be referenced from ie. GameObjects
'Assets/QFramework/Toolkits/_CoreKit/GraphKit/IMGUI/Scripts/Editor/IMGUIGraphEditorGUI.cs' contains partial class of Unity.Object, exactly 1 of the partial classes needs to be in a file with the same filename. This is to know the one that can be referenced from ie. GameObjects
'Assets/QFramework/Toolkits/_CoreKit/GraphKit/IMGUI/Scripts/Editor/IMGUIGraphEditorAction.cs' contains partial class of Unity.Object, exactly 1 of the partial classes needs to be in a file with the same filename. This is to know the one that can be referenced from ie. GameObjects
Refreshing native plugins compatible for Editor in 2.59 ms, found 4 plugins.
Preloading 0 native plugins for Editor in 0.00 ms.
Unloading 33 Unused Serialized files (Serialized files now loaded: 0)
Unloading 6851 unused Assets / (6.3 MB). Loaded Objects now: 7573.
Memory consumption went from 180.6 MB to 174.3 MB.
Total: 7.858800 ms (FindLiveObjects: 0.526900 ms CreateObjectMapping: 0.488700 ms MarkObjects: 4.095000 ms  DeleteObjects: 2.747000 ms)

Prepare: number of updated asset objects reloaded= 0
========================================================================
Received Prepare
Begin MonoManager ReloadAssembly
Symbol file LoadedFromMemory doesn't match image D:\Ê°åÈù¢\Survivorgit\Survivor2D\Library\PackageCache\com.unity.visualscripting@1.8.0\Editor\VisualScripting.Core\Dependencies\YamlDotNet\Unity.VisualScripting.YamlDotNet.dll
Symbol file LoadedFromMemory doesn't match image D:\Ê°åÈù¢\Survivorgit\Survivor2D\Library\PackageCache\com.unity.visualscripting@1.8.0\Editor\VisualScripting.Core\Dependencies\DotNetZip\Unity.VisualScripting.IonicZip.dll
- Loaded All Assemblies, in  0.666 seconds
'Assets/QFramework/Toolkits/_CoreKit/GraphKit/IMGUI/Scripts/IMGUISceneGraph.cs' contains partial class of Unity.Object, exactly 1 of the partial classes needs to be in a file with the same filename. This is to know the one that can be referenced from ie. GameObjects
'Assets/QFramework/Toolkits/_CoreKit/GraphKit/IMGUI/Scripts/IMGUISceneGraph.cs' contains partial class of Unity.Object, exactly 1 of the partial classes needs to be in a file with the same filename. This is to know the one that can be referenced from ie. GameObjects
'Assets/QFramework/Toolkits/_CoreKit/GraphKit/IMGUI/Scripts/Editor/IMGUIGraphWindow.cs' contains partial class of Unity.Object, exactly 1 of the partial classes needs to be in a file with the same filename. This is to know the one that can be referenced from ie. GameObjects
'Assets/QFramework/Toolkits/_CoreKit/GraphKit/IMGUI/Scripts/Editor/IMGUIGraphEditorGUI.cs' contains partial class of Unity.Object, exactly 1 of the partial classes needs to be in a file with the same filename. This is to know the one that can be referenced from ie. GameObjects
'Assets/QFramework/Toolkits/_CoreKit/GraphKit/IMGUI/Scripts/Editor/IMGUIGraphEditorAction.cs' contains partial class of Unity.Object, exactly 1 of the partial classes needs to be in a file with the same filename. This is to know the one that can be referenced from ie. GameObjects
Refreshing native plugins compatible for Editor in 1.63 ms, found 4 plugins.
Native extension for Android target not found
Native extension for WindowsStandalone target not found
Mono: successfully reloaded assembly
- Finished resetting the current domain, in  0.805 seconds
Domain Reload Profiling: 1470ms
	BeginReloadAssembly (173ms)
		ExecutionOrderSort (0ms)
		DisableScriptedObjects (9ms)
		BackupInstance (0ms)
		ReleaseScriptingObjects (0ms)
		CreateAndSetChildDomain (40ms)
	RebuildCommonClasses (30ms)
	RebuildNativeTypeToScriptingClass (11ms)
	initialDomainReloadingComplete (21ms)
	LoadAllAssembliesAndSetupDomain (429ms)
		LoadAssemblies (360ms)
		RebuildTransferFunctionScriptingTraits (0ms)
		AnalyzeDomain (151ms)
			TypeCache.Refresh (9ms)
				TypeCache.ScanAssembly (1ms)
			BuildScriptInfoCaches (130ms)
			ResolveRequiredComponents (9ms)
	FinalizeReload (805ms)
		ReleaseScriptCaches (0ms)
		RebuildScriptCaches (0ms)
		SetupLoadedEditorAssemblies (608ms)
			LogAssemblyErrors (0ms)
			InitializePlatformSupportModulesInManaged (16ms)
			SetLoadedEditorAssemblies (3ms)
			BeforeProcessingInitializeOnLoad (71ms)
			ProcessInitializeOnLoadAttributes (441ms)
			ProcessInitializeOnLoadMethodAttributes (72ms)
			AfterProcessingInitializeOnLoad (5ms)
			EditorAssembliesLoaded (0ms)
		ExecutionOrderSort2 (0ms)
		AwakeInstancesAfterBackupRestoration (17ms)
Refreshing native plugins compatible for Editor in 2.13 ms, found 4 plugins.
Preloading 0 native plugins for Editor in 0.00 ms.
Unloading 33 Unused Serialized files (Serialized files now loaded: 0)
Unloading 6860 unused Assets / (5.2 MB). Loaded Objects now: 7573.
Memory consumption went from 183.2 MB to 177.9 MB.
Total: 7.895400 ms (FindLiveObjects: 0.861500 ms CreateObjectMapping: 0.497600 ms MarkObjects: 4.377200 ms  DeleteObjects: 2.157800 ms)

Prepare: number of updated asset objects reloaded= 0
========================================================================
Received Prepare
Begin MonoManager ReloadAssembly
Symbol file LoadedFromMemory doesn't match image D:\Ê°åÈù¢\Survivorgit\Survivor2D\Library\PackageCache\com.unity.visualscripting@1.8.0\Editor\VisualScripting.Core\Dependencies\YamlDotNet\Unity.VisualScripting.YamlDotNet.dll
Symbol file LoadedFromMemory doesn't match image D:\Ê°åÈù¢\Survivorgit\Survivor2D\Library\PackageCache\com.unity.visualscripting@1.8.0\Editor\VisualScripting.Core\Dependencies\DotNetZip\Unity.VisualScripting.IonicZip.dll
- Loaded All Assemblies, in  0.719 seconds
'Assets/QFramework/Toolkits/_CoreKit/GraphKit/IMGUI/Scripts/IMGUISceneGraph.cs' contains partial class of Unity.Object, exactly 1 of the partial classes needs to be in a file with the same filename. This is to know the one that can be referenced from ie. GameObjects
'Assets/QFramework/Toolkits/_CoreKit/GraphKit/IMGUI/Scripts/IMGUISceneGraph.cs' contains partial class of Unity.Object, exactly 1 of the partial classes needs to be in a file with the same filename. This is to know the one that can be referenced from ie. GameObjects
'Assets/QFramework/Toolkits/_CoreKit/GraphKit/IMGUI/Scripts/Editor/IMGUIGraphWindow.cs' contains partial class of Unity.Object, exactly 1 of the partial classes needs to be in a file with the same filename. This is to know the one that can be referenced from ie. GameObjects
'Assets/QFramework/Toolkits/_CoreKit/GraphKit/IMGUI/Scripts/Editor/IMGUIGraphEditorGUI.cs' contains partial class of Unity.Object, exactly 1 of the partial classes needs to be in a file with the same filename. This is to know the one that can be referenced from ie. GameObjects
'Assets/QFramework/Toolkits/_CoreKit/GraphKit/IMGUI/Scripts/Editor/IMGUIGraphEditorAction.cs' contains partial class of Unity.Object, exactly 1 of the partial classes needs to be in a file with the same filename. This is to know the one that can be referenced from ie. GameObjects
Refreshing native plugins compatible for Editor in 1.84 ms, found 4 plugins.
Native extension for Android target not found
Native extension for WindowsStandalone target not found
Mono: successfully reloaded assembly
- Finished resetting the current domain, in  0.702 seconds
Domain Reload Profiling: 1417ms
	BeginReloadAssembly (195ms)
		ExecutionOrderSort (0ms)
		DisableScriptedObjects (13ms)
		BackupInstance (0ms)
		ReleaseScriptingObjects (0ms)
		CreateAndSetChildDomain (48ms)
	RebuildCommonClasses (33ms)
	RebuildNativeTypeToScriptingClass (12ms)
	initialDomainReloadingComplete (24ms)
	LoadAllAssembliesAndSetupDomain (451ms)
		LoadAssemblies (379ms)
		RebuildTransferFunctionScriptingTraits (0ms)
		AnalyzeDomain (160ms)
			TypeCache.Refresh (10ms)
				TypeCache.ScanAssembly (1ms)
			BuildScriptInfoCaches (138ms)
			ResolveRequiredComponents (9ms)
	FinalizeReload (702ms)
		ReleaseScriptCaches (0ms)
		RebuildScriptCaches (0ms)
		SetupLoadedEditorAssemblies (521ms)
			LogAssemblyErrors (0ms)
			InitializePlatformSupportModulesInManaged (16ms)
			SetLoadedEditorAssemblies (3ms)
			BeforeProcessingInitializeOnLoad (63ms)
			ProcessInitializeOnLoadAttributes (369ms)
			ProcessInitializeOnLoadMethodAttributes (66ms)
			AfterProcessingInitializeOnLoad (4ms)
			EditorAssembliesLoaded (0ms)
		ExecutionOrderSort2 (0ms)
		AwakeInstancesAfterBackupRestoration (12ms)
Refreshing native plugins compatible for Editor in 1.95 ms, found 4 plugins.
Preloading 0 native plugins for Editor in 0.00 ms.
Unloading 33 Unused Serialized files (Serialized files now loaded: 0)
Unloading 6860 unused Assets / (5.7 MB). Loaded Objects now: 7573.
Memory consumption went from 185.1 MB to 179.4 MB.
Total: 8.599100 ms (FindLiveObjects: 0.542300 ms CreateObjectMapping: 0.590000 ms MarkObjects: 4.929800 ms  DeleteObjects: 2.535600 ms)

Prepare: number of updated asset objects reloaded= 0
========================================================================
Received Import Request.
  Time since last request: 5339.069763 seconds.
  path: Assets/Art/Fx/New Shader Graph.shadergraph
  artifactKey: Guid(5c7ac093ade4a0a4581fb2fc87f31be1) Importer(815301076,1909f56bfc062723c751e8b465ee728b)
Start importing Assets/Art/Fx/New Shader Graph.shadergraph using Guid(5c7ac093ade4a0a4581fb2fc87f31be1) Importer(815301076,1909f56bfc062723c751e8b465ee728b) (PreviewImporter) -> (artifact id: '8cf2b6dcb905328c9e633ccdc94be1e8') in 0.5513557 seconds
Number of updated asset objects reloaded before import = 0Number of asset objects unloaded after import = 7

========================================================================
Received Import Request.
  Time since last request: 24.015928 seconds.
  path: Assets/Art/Fx/Dissolve.shadergraph
  artifactKey: Guid(5c7ac093ade4a0a4581fb2fc87f31be1) Importer(815301076,1909f56bfc062723c751e8b465ee728b)
Start importing Assets/Art/Fx/Dissolve.shadergraph using Guid(5c7ac093ade4a0a4581fb2fc87f31be1) Importer(815301076,1909f56bfc062723c751e8b465ee728b) (PreviewImporter) -> (artifact id: 'feaa1b1e886b8e18103ab40b3dcf5e61') in 0.2313535 seconds
Number of updated asset objects reloaded before import = 0Number of asset objects unloaded after import = 6

========================================================================
Received Import Request.
  Time since last request: 204.492989 seconds.
  path: Assets/Art/Fx/Dissolve.shadergraph
  artifactKey: Guid(5c7ac093ade4a0a4581fb2fc87f31be1) Importer(815301076,1909f56bfc062723c751e8b465ee728b)
Start importing Assets/Art/Fx/Dissolve.shadergraph using Guid(5c7ac093ade4a0a4581fb2fc87f31be1) Importer(815301076,1909f56bfc062723c751e8b465ee728b) (PreviewImporter) -> (artifact id: '8a5f88935c64473fbfab13f0eed883b2') in 0.0125612 seconds
Number of updated asset objects reloaded before import = 0Number of asset objects unloaded after import = 6

========================================================================
Received Import Request.
  Time since last request: 175.487930 seconds.
  path: Assets/Art/Fx/Dissolve.shadergraph
  artifactKey: Guid(5c7ac093ade4a0a4581fb2fc87f31be1) Importer(815301076,1909f56bfc062723c751e8b465ee728b)
Start importing Assets/Art/Fx/Dissolve.shadergraph using Guid(5c7ac093ade4a0a4581fb2fc87f31be1) Importer(815301076,1909f56bfc062723c751e8b465ee728b) (PreviewImporter) -> (artifact id: '9b97ea9d20f29341f847e3d9bd5eb9f8') in 0.0132866 seconds
Number of updated asset objects reloaded before import = 0Number of asset objects unloaded after import = 7

========================================================================
Received Import Request.
  Time since last request: 1.552592 seconds.
  path: Assets/Art/Fx/Dissolve.shadergraph
  artifactKey: Guid(5c7ac093ade4a0a4581fb2fc87f31be1) Importer(815301076,1909f56bfc062723c751e8b465ee728b)
Start importing Assets/Art/Fx/Dissolve.shadergraph using Guid(5c7ac093ade4a0a4581fb2fc87f31be1) Importer(815301076,1909f56bfc062723c751e8b465ee728b) (PreviewImporter) -> (artifact id: 'ce5f357f951206e348da1e533b40fd75') in 0.2551574 seconds
Number of updated asset objects reloaded before import = 0Number of asset objects unloaded after import = 7

========================================================================
Received Import Request.
  Time since last request: 35.512734 seconds.
  path: Assets/Art/Fx/New Shader Graph.shadergraph
  artifactKey: Guid(8d79c14d6e6e1ab4a91f3d17fbc8a068) Importer(815301076,1909f56bfc062723c751e8b465ee728b)
Start importing Assets/Art/Fx/New Shader Graph.shadergraph using Guid(8d79c14d6e6e1ab4a91f3d17fbc8a068) Importer(815301076,1909f56bfc062723c751e8b465ee728b) (PreviewImporter) -> (artifact id: '6c72e7db499ddcf0feb738b98aa3fb5b') in 0.1102584 seconds
Number of updated asset objects reloaded before import = 0Number of asset objects unloaded after import = 3

========================================================================
Received Import Request.
  Time since last request: 60.451806 seconds.
  path: Assets/Art/Fx/Dissolve.shadergraph
  artifactKey: Guid(5c7ac093ade4a0a4581fb2fc87f31be1) Importer(815301076,1909f56bfc062723c751e8b465ee728b)
Start importing Assets/Art/Fx/Dissolve.shadergraph using Guid(5c7ac093ade4a0a4581fb2fc87f31be1) Importer(815301076,1909f56bfc062723c751e8b465ee728b) (PreviewImporter) -> (artifact id: 'b8b70acf7affb98cc2263b83d14e5d4b') in 0.0095537 seconds
Number of updated asset objects reloaded before import = 0Number of asset objects unloaded after import = 6

========================================================================
Received Import Request.
  Time since last request: 21.728715 seconds.
  path: Assets/Art/Fx/Dissolve.shadergraph
  artifactKey: Guid(8d79c14d6e6e1ab4a91f3d17fbc8a068) Importer(815301076,1909f56bfc062723c751e8b465ee728b)
Start importing Assets/Art/Fx/Dissolve.shadergraph using Guid(8d79c14d6e6e1ab4a91f3d17fbc8a068) Importer(815301076,1909f56bfc062723c751e8b465ee728b) (PreviewImporter) -> (artifact id: '5ab6202bd31e4cd007562f1d43f7800a') in 0.1146879 seconds
Number of updated asset objects reloaded before import = 0Number of asset objects unloaded after import = 3

========================================================================
Received Import Request.
  Time since last request: 343.500894 seconds.
  path: Assets/Art/Fx/Dissolve.shadergraph
  artifactKey: Guid(8d79c14d6e6e1ab4a91f3d17fbc8a068) Importer(815301076,1909f56bfc062723c751e8b465ee728b)
Start importing Assets/Art/Fx/Dissolve.shadergraph using Guid(8d79c14d6e6e1ab4a91f3d17fbc8a068) Importer(815301076,1909f56bfc062723c751e8b465ee728b) (PreviewImporter) -> (artifact id: '78bd75fe030cbb1e781edddc7ba8a533') in 0.1081046 seconds
Number of updated asset objects reloaded before import = 0Number of asset objects unloaded after import = 4

========================================================================
Received Import Request.
  Time since last request: 23.200523 seconds.
  path: Assets/Art/Fx/Dissolve.shadergraph
  artifactKey: Guid(8d79c14d6e6e1ab4a91f3d17fbc8a068) Importer(815301076,1909f56bfc062723c751e8b465ee728b)
Start importing Assets/Art/Fx/Dissolve.shadergraph using Guid(8d79c14d6e6e1ab4a91f3d17fbc8a068) Importer(815301076,1909f56bfc062723c751e8b465ee728b) (PreviewImporter) -> (artifact id: '037c50dfa57da1d2f1953c8875fd691b') in 0.0082234 seconds
Number of updated asset objects reloaded before import = 0Number of asset objects unloaded after import = 3

========================================================================
Received Import Request.
  Time since last request: 770.811121 seconds.
  path: Assets/QFramework/Toolkits/_CoreKit/PackageKit/Markdown/Resources/Skin/background_qs.png
  artifactKey: Guid(8ac65589526b93a48a776312c315c546) Importer(815301076,1909f56bfc062723c751e8b465ee728b)
Start importing Assets/QFramework/Toolkits/_CoreKit/PackageKit/Markdown/Resources/Skin/background_qs.png using Guid(8ac65589526b93a48a776312c315c546) Importer(815301076,1909f56bfc062723c751e8b465ee728b) (PreviewImporter) -> (artifact id: 'ee568b1a99eb027d3e8a49bb33b8040d') in 0.014376 seconds
Number of updated asset objects reloaded before import = 0Number of asset objects unloaded after import = 2

========================================================================
Received Import Request.
  Time since last request: 0.324490 seconds.
  path: Assets/QFramework/Toolkits/_CoreKit/PackageKit/Markdown/Resources/Skin/blockcode.png
  artifactKey: Guid(74398cc74facd7c4dbfd5579cf431346) Importer(815301076,1909f56bfc062723c751e8b465ee728b)
Start importing Assets/QFramework/Toolkits/_CoreKit/PackageKit/Markdown/Resources/Skin/blockcode.png using Guid(74398cc74facd7c4dbfd5579cf431346) Importer(815301076,1909f56bfc062723c751e8b465ee728b) (PreviewImporter) -> (artifact id: 'c55c21a056b3852db69f46f4bca363d6') in 0.0065901 seconds
Number of updated asset objects reloaded before import = 0Number of asset objects unloaded after import = 2

========================================================================
Received Import Request.
  Time since last request: 0.329174 seconds.
  path: Assets/QFramework/Toolkits/_CoreKit/PackageKit/Markdown/Resources/Skin/border.png
  artifactKey: Guid(4ec7ec5bf442811418d06cafecb39012) Importer(815301076,1909f56bfc062723c751e8b465ee728b)
Start importing Assets/QFramework/Toolkits/_CoreKit/PackageKit/Markdown/Resources/Skin/border.png using Guid(4ec7ec5bf442811418d06cafecb39012) Importer(815301076,1909f56bfc062723c751e8b465ee728b) (PreviewImporter) -> (artifact id: 'a7718616b7ad3e27b7fbe5b1e587e701') in 0.0080976 seconds
Number of updated asset objects reloaded before import = 0Number of asset objects unloaded after import = 2

========================================================================
Received Import Request.
  Time since last request: 0.000074 seconds.
  path: Assets/QFramework/Toolkits/_CoreKit/PackageKit/Markdown/Resources/Skin/btn_forward.png
  artifactKey: Guid(1d33a9c320ba2c147a9f93ecaf23451d) Importer(815301076,1909f56bfc062723c751e8b465ee728b)
Start importing Assets/QFramework/Toolkits/_CoreKit/PackageKit/Markdown/Resources/Skin/btn_forward.png using Guid(1d33a9c320ba2c147a9f93ecaf23451d) Importer(815301076,1909f56bfc062723c751e8b465ee728b) (PreviewImporter) -> (artifact id: '92066e89a00b100fe6770bdecf779efc') in 0.006495 seconds
Number of updated asset objects reloaded before import = 0Number of asset objects unloaded after import = 2

========================================================================
Received Import Request.
  Time since last request: 0.000037 seconds.
  path: Assets/QFramework/Toolkits/_CoreKit/GraphKit/IMGUI/Scripts/Editor/Resources/graphkit_imgui_node.png
  artifactKey: Guid(35e1df48959ac4c6a90463e9bb512985) Importer(815301076,1909f56bfc062723c751e8b465ee728b)
Start importing Assets/QFramework/Toolkits/_CoreKit/GraphKit/IMGUI/Scripts/Editor/Resources/graphkit_imgui_node.png using Guid(35e1df48959ac4c6a90463e9bb512985) Importer(815301076,1909f56bfc062723c751e8b465ee728b) (PreviewImporter) -> (artifact id: 'f910215e39b47000249a2f15922a0f71') in 0.006633 seconds
Number of updated asset objects reloaded before import = 0Number of asset objects unloaded after import = 2

========================================================================
Received Import Request.
  Time since last request: 0.000133 seconds.
  path: Assets/QFramework/Toolkits/_CoreKit/GraphKit/IMGUI/Scripts/Editor/Resources/graphkit_imgui_node_highlight.png
  artifactKey: Guid(cf545d47bc6914fdf8d1e1b864239deb) Importer(815301076,1909f56bfc062723c751e8b465ee728b)
Start importing Assets/QFramework/Toolkits/_CoreKit/GraphKit/IMGUI/Scripts/Editor/Resources/graphkit_imgui_node_highlight.png using Guid(cf545d47bc6914fdf8d1e1b864239deb) Importer(815301076,1909f56bfc062723c751e8b465ee728b) (PreviewImporter) -> (artifact id: 'f6eef9d8541b0a15a52a225f348d3bef') in 0.0070674 seconds
Number of updated asset objects reloaded before import = 0Number of asset objects unloaded after import = 2

========================================================================
Received Import Request.
  Time since last request: 0.000025 seconds.
  path: Assets/QFramework/Toolkits/_CoreKit/PackageKit/Markdown/Resources/Skin/trl.png
  artifactKey: Guid(feb101103b4b923429e7cf886c0fda91) Importer(815301076,1909f56bfc062723c751e8b465ee728b)
Start importing Assets/QFramework/Toolkits/_CoreKit/PackageKit/Markdown/Resources/Skin/trl.png using Guid(feb101103b4b923429e7cf886c0fda91) Importer(815301076,1909f56bfc062723c751e8b465ee728b) (PreviewImporter) -> (artifact id: '8d65031ad8f64bd1f63c8ca4de834c2c') in 0.0064178 seconds
Number of updated asset objects reloaded before import = 0Number of asset objects unloaded after import = 2

========================================================================
Received Import Request.
  Time since last request: 0.000111 seconds.
  path: Assets/QFramework/Toolkits/_CoreKit/PackageKit/Markdown/Resources/Skin/white.png
  artifactKey: Guid(d3c262e12fc42f04c8ed40e9899aae8a) Importer(815301076,1909f56bfc062723c751e8b465ee728b)
Start importing Assets/QFramework/Toolkits/_CoreKit/PackageKit/Markdown/Resources/Skin/white.png using Guid(d3c262e12fc42f04c8ed40e9899aae8a) Importer(815301076,1909f56bfc062723c751e8b465ee728b) (PreviewImporter) -> (artifact id: '3091cc497d5cfd7f47b05ef7812ea604') in 0.0064186 seconds
Number of updated asset objects reloaded before import = 0Number of asset objects unloaded after import = 2

========================================================================
Received Import Request.
  Time since last request: 0.000053 seconds.
  path: Assets/QFramework/Toolkits/_CoreKit/PackageKit/Markdown/Resources/Skin/th-ds.png
  artifactKey: Guid(13dee1b5c62bedb45b1e64962ea45995) Importer(815301076,1909f56bfc062723c751e8b465ee728b)
Start importing Assets/QFramework/Toolkits/_CoreKit/PackageKit/Markdown/Resources/Skin/th-ds.png using Guid(13dee1b5c62bedb45b1e64962ea45995) Importer(815301076,1909f56bfc062723c751e8b465ee728b) (PreviewImporter) -> (artifact id: '54a4cb8ce2bd5142cdf0ab11d48477b3') in 0.0068058 seconds
Number of updated asset objects reloaded before import = 0Number of asset objects unloaded after import = 2

========================================================================
Received Import Request.
  Time since last request: 0.000025 seconds.
  path: Assets/QFramework/Toolkits/_CoreKit/PackageKit/Markdown/Resources/Skin/btn_back.png
  artifactKey: Guid(236a129fe072d744796984a62f6b86ac) Importer(815301076,1909f56bfc062723c751e8b465ee728b)
Start importing Assets/QFramework/Toolkits/_CoreKit/PackageKit/Markdown/Resources/Skin/btn_back.png using Guid(236a129fe072d744796984a62f6b86ac) Importer(815301076,1909f56bfc062723c751e8b465ee728b) (PreviewImporter) -> (artifact id: 'e8c45c864eb118bdc221827abd1b312b') in 0.0062818 seconds
Number of updated asset objects reloaded before import = 0Number of asset objects unloaded after import = 2

========================================================================
Received Import Request.
  Time since last request: 0.000034 seconds.
  path: Assets/QFramework/Toolkits/_CoreKit/GraphKit/IMGUI/Scripts/Editor/Resources/graphkit_imgui_dot.png
  artifactKey: Guid(a91f0936c639346e7af3cb88e827d228) Importer(815301076,1909f56bfc062723c751e8b465ee728b)
Start importing Assets/QFramework/Toolkits/_CoreKit/GraphKit/IMGUI/Scripts/Editor/Resources/graphkit_imgui_dot.png using Guid(a91f0936c639346e7af3cb88e827d228) Importer(815301076,1909f56bfc062723c751e8b465ee728b) (PreviewImporter) -> (artifact id: '9b8ea82596df334839970ab3b9da9ea0') in 0.0071833 seconds
Number of updated asset objects reloaded before import = 0Number of asset objects unloaded after import = 2

========================================================================
Received Import Request.
  Time since last request: 0.000027 seconds.
  path: Assets/QFramework/Toolkits/_CoreKit/PackageKit/Markdown/Resources/Skin/btn_file.png
  artifactKey: Guid(daa1a28557e23d644b821fdd6f8e27b4) Importer(815301076,1909f56bfc062723c751e8b465ee728b)
Start importing Assets/QFramework/Toolkits/_CoreKit/PackageKit/Markdown/Resources/Skin/btn_file.png using Guid(daa1a28557e23d644b821fdd6f8e27b4) Importer(815301076,1909f56bfc062723c751e8b465ee728b) (PreviewImporter) -> (artifact id: '8b3049b974b32e3987dbbe187e9341f0') in 0.0072732 seconds
Number of updated asset objects reloaded before import = 0Number of asset objects unloaded after import = 2

========================================================================
Received Import Request.
  Time since last request: 0.000056 seconds.
  path: Assets/QFramework/Toolkits/_CoreKit/PackageKit/Markdown/Resources/Skin/trl-ds.png
  artifactKey: Guid(3a9f745f87a330044aaff20d69265112) Importer(815301076,1909f56bfc062723c751e8b465ee728b)
Start importing Assets/QFramework/Toolkits/_CoreKit/PackageKit/Markdown/Resources/Skin/trl-ds.png using Guid(3a9f745f87a330044aaff20d69265112) Importer(815301076,1909f56bfc062723c751e8b465ee728b) (PreviewImporter) -> (artifact id: 'e1eca4fb6f67f1e5f8c8dc0fabc447fe') in 0.0063121 seconds
Number of updated asset objects reloaded before import = 0Number of asset objects unloaded after import = 2

========================================================================
Received Import Request.
  Time since last request: 0.000042 seconds.
  path: Assets/QFramework/Toolkits/_CoreKit/PackageKit/Markdown/Resources/Skin/th.png
  artifactKey: Guid(c190cb5a3e2d341408239fa11c1af62d) Importer(815301076,1909f56bfc062723c751e8b465ee728b)
Start importing Assets/QFramework/Toolkits/_CoreKit/PackageKit/Markdown/Resources/Skin/th.png using Guid(c190cb5a3e2d341408239fa11c1af62d) Importer(815301076,1909f56bfc062723c751e8b465ee728b) (PreviewImporter) -> (artifact id: '9abaa6ad47c1d88dbf4f98da890257eb') in 0.0052382 seconds
Number of updated asset objects reloaded before import = 0Number of asset objects unloaded after import = 2

========================================================================
Received Import Request.
  Time since last request: 0.000021 seconds.
  path: Assets/QFramework/Toolkits/_CoreKit/PackageKit/Markdown/Resources/Skin/blockquote.png
  artifactKey: Guid(d26237969c89d384091829f3d4233c7a) Importer(815301076,1909f56bfc062723c751e8b465ee728b)
Start importing Assets/QFramework/Toolkits/_CoreKit/PackageKit/Markdown/Resources/Skin/blockquote.png using Guid(d26237969c89d384091829f3d4233c7a) Importer(815301076,1909f56bfc062723c751e8b465ee728b) (PreviewImporter) -> (artifact id: '6d0a3da0ee4471ca1463868cb09b2dbd') in 0.0051426 seconds
Number of updated asset objects reloaded before import = 0Number of asset objects unloaded after import = 2

Editor requested this worker to shutdown with reason: Scaling down because of idle timeout
AssetImportWorker is now disconnected from the server
Process exiting
Exiting without the bug reporter. Application will terminate with return code 0